     [echo] 
     [echo] **************************************************************
     [echo] *     InstallX: Oracle Retail | InstallX Builder ${ix.version}
     [echo] *   WorkingDir: C:\WIP-Xstore_Delta-main\caw_pos\work
     [echo] *                                                              
     [echo] *                                                             
     [echo] *       Run By: ajeet.singh on Wednesday, April 23, 2025 10:24:47 AM CDT
     [echo] *          JVM: Oracle Corporation v25.202-b08
     [echo] *           OS: Windows 10 amd64 v10.0
     [echo] *                                                             
     [echo] *  CUSTOMER/VERSION: CAW | SALT: CAW | 16.0.5.0.38 - 7.0.36 - 1.53
     [echo] *        TYPE/OS/DB: ${x.type} | oracle
     [echo] *   AUTO CREATE DB?: true
     [echo] *           STARTED: Wednesday, April 23, 2025 10:24:48 AM CDT
     [echo] **************************************************************
     [echo] 

init-directories:
     [echo] Proceeding using a distro dir of: C:\WIP-Xstore_Delta-main\caw_pos\${distDir}
   [delete] Deleting directory C:\WIP-Xstore_Delta-main\caw_pos\work
    [mkdir] Created dir: C:\WIP-Xstore_Delta-main\caw_pos\${distDir}
    [mkdir] Created dir: C:\WIP-Xstore_Delta-main\caw_pos\work\dist
    [mkdir] Created dir: C:\WIP-Xstore_Delta-main\caw_pos\work\xstorework
    [mkdir] Created dir: C:\WIP-Xstore_Delta-main\caw_pos\work\xstorework\xstore\database
    [mkdir] Created dir: C:\WIP-Xstore_Delta-main\caw_pos\work\xenvwork

init-filters:
     [echo] The property xcenter.oracle.tablespace was either not provided or was provided with a blank value.  Defaulting it to "xstore".
     [echo] The property xcenter.oracle.dbuser was either not provided or was provided with a blank value.  Defaulting it to "pos".
     [echo] The property xcenter.oracle.schemaowner was either not provided or was provided with a blank value.  Defaulting it to "dtv".

init:

BUILD FAILED

C:\WIP-Xstore_Delta-main\caw_pos\build.installx.xml:283: x.source.type is set to '${x.source.type}'!  Only 'files' and 'folders' are supported.
	at org.apache.tools.ant.taskdefs.Exit.execute(Exit.java:162)
	at org.apache.tools.ant.UnknownElement.execute(UnknownElement.java:292)
	at sun.reflect.GeneratedMethodAccessor4.invoke(Unknown Source)
	at sun.reflect.DelegatingMethodAccessorImpl.invoke(DelegatingMethodAccessorImpl.java:43)
	at java.lang.reflect.Method.invoke(Method.java:498)
	at org.apache.tools.ant.dispatch.DispatchUtils.execute(DispatchUtils.java:99)
	at org.apache.tools.ant.Task.perform(Task.java:350)
	at org.apache.tools.ant.Target.execute(Target.java:449)
	at org.apache.tools.ant.Target.performTasks(Target.java:470)
	at org.apache.tools.ant.Project.executeSortedTargets(Project.java:1391)
	at org.apache.tools.ant.Project.executeTarget(Project.java:1364)
	at org.apache.tools.ant.helper.DefaultExecutor.executeTargets(DefaultExecutor.java:41)
	at org.eclipse.ant.internal.launching.remote.EclipseDefaultExecutor.executeTargets(EclipseDefaultExecutor.java:36)
	at org.apache.tools.ant.Project.executeTargets(Project.java:1254)
	at org.eclipse.ant.internal.launching.remote.InternalAntRunner.run(InternalAntRunner.java:460)
	at org.eclipse.ant.internal.launching.remote.InternalAntRunner.main(InternalAntRunner.java:142)
