BITMAP-->'res\graphics\GO\receipt\logo.bmp', width=-11, alignment=-2
                                        
              Corner Market             
       30500 Bruce Industrial Pkwy      
             Solon, OH 44139            
              440-498-4414              
<u>                                        </u>
Store Reg  Cashier Trans.  Date/Time    
110   1    100     30      10/17/24 10:4
Salesperson: 100                        
                                        
                  <b>SALE</b>                  
<b><u>Item                      QTY Your Price</b></u>
<b>1</b> <b>Signature Blue Jersey</b>                 
1015                           118.00   
Return Price              118.00        
                 Subtotal      118.00   
Tax 1       236.00 @      3%     9.44   
<u>                                        </u>
                    <b>Total</b>      <b>127.44</b>   
<b><u>________________________________________</b></u>
Cash                           127.44   
<b><u>________________________________________</b></u>
Change                           0.00   
  Gander Outdoors requires an original  
 receipt for all returns and exchanges. 
    Unused and unopened items may be    
returned or exchanged within 90 days of 
  original purchase with the following  
    exclusions. Unused and unopened     
  electronic items may be returned or   
 exchanged within 30 days of purchase.  
  Special or custom orders and opened   
 mattresses may not be returned unless  
defective. Opened software items may not
be returned or exchanged. Clearance and 
 damaged items are sold "as is" and may 
not be returned or exchanged. Generator 
  purchases may not be returned at any  
time. See an associate for return policy
                details.                
<b>****************************************</b>
  Enjoy the LOWEST INTRODUCTORY PRICE   
     available on Good Sam Roadside     
              Assistance!               
Ask an associate or call 1-800-508-0394 
         for more information.          
<b>****************************************</b>
                                        
 "If you're not happy, I'm not happy."  
    Marcus Lemonis. Chairman and CEO    
                                        
    Need anything? I'm here to help.    
      Call my office 866.232.8960       
  Or email me at Online@MarcusVIP.com   
                                        
<b>****************************************</b>
Sold Item Count = 1                     
BARCODE-->'T3HH1117A113111374AYE1H', symbology=109, height=50, width=150, alignment=-2, textPosition=-13, prefix=
              <b>Customer Copy</b>             
--- PAPER CUT --- 100%
BITMAP-->'res\graphics\GO\receipt\logo.bmp', width=-11, alignment=-2
                                        
              Corner Market             
       30500 Bruce Industrial Pkwy      
             Solon, OH 44139            
              440-498-4414              
<u>                                        </u>
Store Reg  Cashier Trans.  Date/Time    
110   1    100     32      10/17/24 11:0
Salesperson: 100                        
                                        
                  <b>SALE</b>                  
<b><u>Item                      QTY Your Price</b></u>
<b>1</b> <b>Signature Blue Jersey</b>                 
1015                           118.00   
Return Price              118.00        
                 Subtotal      118.00   
Tax 1       236.00 @      3%     9.44   
<u>                                        </u>
                    <b>Total</b>      <b>127.44</b>   
<b><u>________________________________________</b></u>
Cash                           127.44   
<b><u>________________________________________</b></u>
Change                           0.00   
  Gander Outdoors requires an original  
 receipt for all returns and exchanges. 
    Unused and unopened items may be    
returned or exchanged within 90 days of 
  original purchase with the following  
    exclusions. Unused and unopened     
  electronic items may be returned or   
 exchanged within 30 days of purchase.  
  Special or custom orders and opened   
 mattresses may not be returned unless  
defective. Opened software items may not
be returned or exchanged. Clearance and 
 damaged items are sold "as is" and may 
not be returned or exchanged. Generator 
  purchases may not be returned at any  
time. See an associate for return policy
                details.                
<b>****************************************</b>
  Enjoy the LOWEST INTRODUCTORY PRICE   
     available on Good Sam Roadside     
              Assistance!               
Ask an associate or call 1-800-508-0394 
         for more information.          
<b>****************************************</b>
Customers enrolled in automatic renewal 
 authorize Good Sam Roadside Assistance 
to charge your card for membership fees 
   each year until notifying Good Sam   
  Roadside Assistance that you want to  
 cancel.  At the end of your membership 
term, your membership will renew at the 
  current rate.  If you wish to cancel  
   automatic renewal at any time call   
            1-888-966-3255.             
<b>****************************************</b>
                                        
 "If you're not happy, I'm not happy."  
    Marcus Lemonis. Chairman and CEO    
                                        
    Need anything? I'm here to help.    
      Call my office 866.232.8960       
  Or email me at Online@MarcusVIP.com   
                                        
<b>****************************************</b>
Sold Item Count = 1                     
BARCODE-->'T3HH1117A1131113A4AYE1J', symbology=109, height=50, width=150, alignment=-2, textPosition=-13, prefix=
              <b>Customer Copy</b>             
--- PAPER CUT --- 100%
BITMAP-->'res\graphics\GO\receipt\logo.bmp', width=-11, alignment=-2
                                        
              Corner Market             
       30500 Bruce Industrial Pkwy      
             Solon, OH 44139            
              440-498-4414              
<u>                                        </u>
Store Reg  Cashier Trans.  Date/Time    
110   1    100     34      10/17/24 11:1
Salesperson: 100                        
                                        
                  <b>SALE</b>                  
<b><u>Item                      QTY Your Price</b></u>
<b>1</b> <b>Signature Blue Jersey</b>                 
1015                           118.00   
Return Price              118.00        
                 Subtotal      118.00   
Tax 1       236.00 @      3%     9.44   
<u>                                        </u>
                    <b>Total</b>      <b>127.44</b>   
<b><u>________________________________________</b></u>
Cash                           127.44   
<b><u>________________________________________</b></u>
Change                           0.00   
  Gander Outdoors requires an original  
 receipt for all returns and exchanges. 
    Unused and unopened items may be    
returned or exchanged within 90 days of 
  original purchase with the following  
    exclusions. Unused and unopened     
  electronic items may be returned or   
 exchanged within 30 days of purchase.  
  Special or custom orders and opened   
 mattresses may not be returned unless  
defective. Opened software items may not
be returned or exchanged. Clearance and 
 damaged items are sold "as is" and may 
not be returned or exchanged. Generator 
  purchases may not be returned at any  
time. See an associate for return policy
                details.                
<b>****************************************</b>
  Enjoy the LOWEST INTRODUCTORY PRICE   
     available on Good Sam Roadside     
              Assistance!               
Ask an associate or call 1-800-508-0394 
         for more information.          
<b>****************************************</b>
Customers enrolled in automatic renewal 
 authorize Good Sam Roadside Assistance 
to charge your card for membership fees 
   each year until notifying Good Sam   
  Roadside Assistance that you want to  
 cancel.  At the end of your membership 
term, your membership will renew at the 
  current rate.  If you wish to cancel  
   automatic renewal at any time call   
            1-888-966-3255.             
<b>****************************************</b>
                                        
 "If you're not happy, I'm not happy."  
    Marcus Lemonis. Chairman and CEO    
                                        
    Need anything? I'm here to help.    
      Call my office 866.232.8960       
  Or email me at Online@MarcusVIP.com   
                                        
<b>****************************************</b>
Sold Item Count = 1                     
BARCODE-->'T3HH1117A1131113D4AYE1K', symbology=109, height=50, width=150, alignment=-2, textPosition=-13, prefix=
              <b>Customer Copy</b>             
--- PAPER CUT --- 100%
