**LOG BEGUN     2025-05-02 21:32:58,219
loading C:KoushikCAW_FWIP-Xstore_Delta-maincaw_poscust_configlog4j2.xml
 INFO  [      ] 2025-05-02 21:32:58,210 STARTING

********************
LOCATION INFORMATION
********************

dtv.CustomerId: CAW
OrganizationId: 1000
RetailLocationId: 619
WorkstationId: 1

********************
PATH PROPERTIES
********************

dtv.base.config.path = :cust:cust/loyalty
dtv.config.path = :cust:cust/loyalty:base:avs:qas:order:locate:countrypack/US:version1:MASTER/DEFAULT:version1/cheetah:local:version1/brand/CW_SUP:version1/locate:localconfig:version1/patch
dtv.system.properties.locations = file:/C:/Koushik/CAW_F/WIP-Xstore_Delta-main/caw_pos/root/system.properties
     file:/C:/Koushik/CAW_F/WIP-Xstore_Delta-main/caw_pos/system.properties
java.class.path = C:\Koushik\CAW_F\WIP-Xstore_Delta-main\caw_pos\bin
     C:\Koushik\CAW_F\WIP-Xstore_Delta-main\caw_pos\cust_config
     C:\Koushik\CAW_F\WIP-Xstore_Delta-main\caw_pos\hotfix-lib\hotfix-16.0.3-27648568.jar
     C:\Koushik\CAW_F\WIP-Xstore_Delta-main\caw_pos\hotfix-lib\hotfix-16.0.3-28487157.jar
     C:\Koushik\CAW_F\WIP-Xstore_Delta-main\caw_pos\lib\ext\MiraServJava.jar
     C:\Koushik\CAW_F\WIP-Xstore_Delta-main\caw_pos\lib\ext\ini4j-0.5.2.jar
     C:\Koushik\CAW_F\eclipse\plugins\org.junit_4.12.0.v201504281640\junit.jar
     C:\Koushik\CAW_F\eclipse\plugins\org.hamcrest.core_1.3.0.v20180420-1519.jar
     C:\Koushik\CAW_F\WIP-Xstore_Delta-main\release\xstore\xstore\lib\config.jar
     C:\Koushik\CAW_F\WIP-Xstore_Delta-main\release\xstore\xstore\lib\dtv-data2.jar
     C:\Koushik\CAW_F\WIP-Xstore_Delta-main\release\xstore\xstore\lib\pos.jar
     C:\Koushik\CAW_F\WIP-Xstore_Delta-main\release\xstore\xstore\lib\config-objects.jar
     C:\Koushik\CAW_F\WIP-Xstore_Delta-main\release\xstore\xstore\lib\dtv-auth-core.jar
     C:\Koushik\CAW_F\WIP-Xstore_Delta-main\release\xstore\xstore\lib\dtv-auth-impl.jar
     C:\Koushik\CAW_F\WIP-Xstore_Delta-main\release\xstore\xstore\lib\dtv-auth-sv.jar
     C:\Koushik\CAW_F\WIP-Xstore_Delta-main\release\xstore\xstore\lib\dtv-avs-qas.jar
     C:\Koushik\CAW_F\WIP-Xstore_Delta-main\release\xstore\xstore\lib\dtv-avs.jar
     C:\Koushik\CAW_F\WIP-Xstore_Delta-main\release\xstore\xstore\lib\dtv-barcode.jar
     C:\Koushik\CAW_F\WIP-Xstore_Delta-main\release\xstore\xstore\lib\dtv-bitmap.jar
     C:\Koushik\CAW_F\WIP-Xstore_Delta-main\release\xstore\xstore\lib\dtv-cheetah.jar
     C:\Koushik\CAW_F\WIP-Xstore_Delta-main\release\xstore\xstore\lib\dtv-countrypack.jar
     C:\Koushik\CAW_F\WIP-Xstore_Delta-main\release\xstore\xstore\lib\dtv-dtx.jar
     C:\Koushik\CAW_F\WIP-Xstore_Delta-main\release\xstore\xstore\lib\dtv-event.jar
     C:\Koushik\CAW_F\WIP-Xstore_Delta-main\release\xstore\xstore\lib\dtv-fonts.jar
     C:\Koushik\CAW_F\WIP-Xstore_Delta-main\release\xstore\xstore\lib\dtv-hardware.jar
     C:\Koushik\CAW_F\WIP-Xstore_Delta-main\release\xstore\xstore\lib\dtv-i18n.jar
     C:\Koushik\CAW_F\WIP-Xstore_Delta-main\release\xstore\xstore\lib\dtv-inv-sim.jar
     C:\Koushik\CAW_F\WIP-Xstore_Delta-main\release\xstore\xstore\lib\dtv-inv.jar
     C:\Koushik\CAW_F\WIP-Xstore_Delta-main\release\xstore\xstore\lib\dtv-ipc.jar
     C:\Koushik\CAW_F\WIP-Xstore_Delta-main\release\xstore\xstore\lib\dtv-jmxutil.jar
     C:\Koushik\CAW_F\WIP-Xstore_Delta-main\release\xstore\xstore\lib\dtv-jna.jar
     C:\Koushik\CAW_F\WIP-Xstore_Delta-main\release\xstore\xstore\lib\dtv-password.jar
     C:\Koushik\CAW_F\WIP-Xstore_Delta-main\release\xstore\xstore\lib\dtv-posframework.jar
     C:\Koushik\CAW_F\WIP-Xstore_Delta-main\release\xstore\xstore\lib\dtv-pricing2.jar
     C:\Koushik\CAW_F\WIP-Xstore_Delta-main\release\xstore\xstore\lib\dtv-service.jar
     C:\Koushik\CAW_F\WIP-Xstore_Delta-main\release\xstore\xstore\lib\dtv-tenderretail.jar
     C:\Koushik\CAW_F\WIP-Xstore_Delta-main\release\xstore\xstore\lib\dtv-ui-graphics.jar
     C:\Koushik\CAW_F\WIP-Xstore_Delta-main\release\xstore\xstore\lib\dtv-ui.jar
     C:\Koushik\CAW_F\WIP-Xstore_Delta-main\release\xstore\xstore\lib\dtv-upgrader.jar
     C:\Koushik\CAW_F\WIP-Xstore_Delta-main\release\xstore\xstore\lib\dtv-util-measurement.jar
     C:\Koushik\CAW_F\WIP-Xstore_Delta-main\release\xstore\xstore\lib\dtv-util-net.jar
     C:\Koushik\CAW_F\WIP-Xstore_Delta-main\release\xstore\xstore\lib\dtv-util-sequence.jar
     C:\Koushik\CAW_F\WIP-Xstore_Delta-main\release\xstore\xstore\lib\dtv-util.jar
     C:\Koushik\CAW_F\WIP-Xstore_Delta-main\release\xstore\xstore\lib\dtv-xmlobjects.jar
     C:\Koushik\CAW_F\WIP-Xstore_Delta-main\release\xstore\xstore\lib\dtv-xst-crm-relate.jar
     C:\Koushik\CAW_F\WIP-Xstore_Delta-main\release\xstore\xstore\lib\dtv-xst-crm.jar
     C:\Koushik\CAW_F\WIP-Xstore_Delta-main\release\xstore\xstore\lib\dtv-xst-opera.jar
     C:\Koushik\CAW_F\WIP-Xstore_Delta-main\release\xstore\xstore\lib\dtv-xst-xom-locate.jar
     C:\Koushik\CAW_F\WIP-Xstore_Delta-main\release\xstore\xstore\lib\dtv-xst-xom.jar
     C:\Koushik\CAW_F\WIP-Xstore_Delta-main\release\xstore\xstore\lib\dtv-xstoregwt-util.jar
     C:\Koushik\CAW_F\WIP-Xstore_Delta-main\release\xstore\xstore\lib\dtv-xunit-api.jar
     C:\Koushik\CAW_F\WIP-Xstore_Delta-main\release\xstore\xstore\lib\ext\APGJposService171.jar
     C:\Koushik\CAW_F\WIP-Xstore_Delta-main\release\xstore\xstore\lib\ext\commons-beanutils-1.9.2.jar
     C:\Koushik\CAW_F\WIP-Xstore_Delta-main\release\xstore\xstore\lib\ext\commons-codec-1.10.jar
     C:\Koushik\CAW_F\WIP-Xstore_Delta-main\release\xstore\xstore\lib\ext\commons-collections-3.2.2.jar
     C:\Koushik\CAW_F\WIP-Xstore_Delta-main\release\xstore\xstore\lib\ext\commons-configuration-1.10.jar
     C:\Koushik\CAW_F\WIP-Xstore_Delta-main\release\xstore\xstore\lib\ext\commons-digester3-3.2.jar
     C:\Koushik\CAW_F\WIP-Xstore_Delta-main\release\xstore\xstore\lib\ext\commons-io-2.5.jar
     C:\Koushik\CAW_F\WIP-Xstore_Delta-main\release\xstore\xstore\lib\ext\commons-lang-2.6.jar
     C:\Koushik\CAW_F\WIP-Xstore_Delta-main\release\xstore\xstore\lib\ext\commons-lang3-3.4.jar
     C:\Koushik\CAW_F\WIP-Xstore_Delta-main\release\xstore\xstore\lib\ext\commons-logging-1.2.jar
     C:\Koushik\CAW_F\WIP-Xstore_Delta-main\release\xstore\xstore\lib\ext\commons-pool2-2.4.2.jar
     C:\Koushik\CAW_F\WIP-Xstore_Delta-main\release\xstore\xstore\lib\ext\concurrent-1.0.jar
     C:\Koushik\CAW_F\WIP-Xstore_Delta-main\release\xstore\xstore\lib\ext\cryptoj-12.1.3.jar
     C:\Koushik\CAW_F\WIP-Xstore_Delta-main\release\xstore\xstore\lib\ext\DJNativeSwing-SWT.jar
     C:\Koushik\CAW_F\WIP-Xstore_Delta-main\release\xstore\xstore\lib\ext\DJNativeSwing.jar
     C:\Koushik\CAW_F\WIP-Xstore_Delta-main\release\xstore\xstore\lib\ext\DLSJavaPOS.jar
     C:\Koushik\CAW_F\WIP-Xstore_Delta-main\release\xstore\xstore\lib\ext\dozer-5.5.1.jar
     C:\Koushik\CAW_F\WIP-Xstore_Delta-main\release\xstore\xstore\lib\ext\dpotapi.jar
     C:\Koushik\CAW_F\WIP-Xstore_Delta-main\release\xstore\xstore\lib\ext\dpotjni.jar
     C:\Koushik\CAW_F\WIP-Xstore_Delta-main\release\xstore\xstore\lib\ext\jdom-2.0.6.jar
     C:\Koushik\CAW_F\WIP-Xstore_Delta-main\release\xstore\xstore\lib\ext\eftlink.jar
     C:\Koushik\CAW_F\WIP-Xstore_Delta-main\release\xstore\xstore\lib\ext\FTXSJpos110.jar
     C:\Koushik\CAW_F\WIP-Xstore_Delta-main\release\xstore\xstore\lib\ext\gin-2.1.2.jar
     C:\Koushik\CAW_F\WIP-Xstore_Delta-main\release\xstore\xstore\lib\ext\guava-19.0.jar
     C:\Koushik\CAW_F\WIP-Xstore_Delta-main\release\xstore\xstore\lib\ext\guice-4.0.jar
     C:\Koushik\CAW_F\WIP-Xstore_Delta-main\release\xstore\xstore\lib\ext\guice-assistedinject-4.0.jar
     C:\Koushik\CAW_F\WIP-Xstore_Delta-main\release\xstore\xstore\lib\ext\javax.inject-1.jar
     C:\Koushik\CAW_F\WIP-Xstore_Delta-main\release\xstore\xstore\lib\ext\javax.mail-1.5.6.jar
     C:\Koushik\CAW_F\WIP-Xstore_Delta-main\release\xstore\xstore\lib\ext\jcommon-1.0.23.jar
     C:\Koushik\CAW_F\WIP-Xstore_Delta-main\release\xstore\xstore\lib\ext\jfreechart-1.0.19.jar
     C:\Koushik\CAW_F\WIP-Xstore_Delta-main\release\xstore\xstore\lib\ext\jgl3.1.0.jar
     C:\Koushik\CAW_F\WIP-Xstore_Delta-main\release\xstore\xstore\lib\ext\jmsrso.jar
     C:\Koushik\CAW_F\WIP-Xstore_Delta-main\release\xstore\xstore\lib\ext\jpos-1.14.jar
     C:\Koushik\CAW_F\WIP-Xstore_Delta-main\release\xstore\xstore\lib\ext\jta-1.1.jar
     C:\Koushik\CAW_F\WIP-Xstore_Delta-main\release\xstore\xstore\lib\ext\mtlgjpos.jar
     C:\Koushik\CAW_F\WIP-Xstore_Delta-main\release\xstore\xstore\lib\ext\mx4j-impl-3.0.2.jar
     C:\Koushik\CAW_F\WIP-Xstore_Delta-main\release\xstore\xstore\lib\ext\POSTransactionServiceServiceConsumer.jar
     C:\Koushik\CAW_F\WIP-Xstore_Delta-main\release\xstore\xstore\lib\ext\quartz-2.2.2.jar
     C:\Koushik\CAW_F\WIP-Xstore_Delta-main\release\xstore\xstore\lib\ext\retail-public-payload-java-beans-16.0.0.jar
     C:\Koushik\CAW_F\WIP-Xstore_Delta-main\release\xstore\xstore\lib\ext\retail-public-payload-java-beans-base-16.0.0.jar
     C:\Koushik\CAW_F\WIP-Xstore_Delta-main\release\xstore\xstore\lib\ext\RXTXcomm.jar
     C:\Koushik\CAW_F\WIP-Xstore_Delta-main\release\xstore\xstore\lib\ext\scannerjpos.jar
     C:\Koushik\CAW_F\WIP-Xstore_Delta-main\release\xstore\xstore\lib\ext\servlet-api-3.1.jar
     C:\Koushik\CAW_F\WIP-Xstore_Delta-main\release\xstore\xstore\lib\ext\slf4j-api-1.7.13.jar
     C:\Koushik\CAW_F\WIP-Xstore_Delta-main\release\xstore\xstore\lib\ext\StoreInventoryServiceServiceConsumer.jar
     C:\Koushik\CAW_F\WIP-Xstore_Delta-main\release\xstore\xstore\lib\ext\StoreInventoryUinServiceServiceConsumer.jar
     C:\Koushik\CAW_F\WIP-Xstore_Delta-main\release\xstore\xstore\lib\ext\TECPOSPrinterService.jar
     C:\Koushik\CAW_F\WIP-Xstore_Delta-main\release\xstore\xstore\lib\ext\trident-7.3-swing.jar
     C:\Koushik\CAW_F\WIP-Xstore_Delta-main\release\xstore\xstore\lib\ext\twitter4j-async-4.0.4.jar
     C:\Koushik\CAW_F\WIP-Xstore_Delta-main\release\xstore\xstore\lib\ext\twitter4j-core-4.0.4.jar
     C:\Koushik\CAW_F\WIP-Xstore_Delta-main\release\xstore\xstore\lib\ext\ucp-12.1.0.2.0.24011345.jar
     C:\Koushik\CAW_F\WIP-Xstore_Delta-main\release\xstore\xstore\lib\ext\velocity-1.7.jar
     C:\Koushik\CAW_F\WIP-Xstore_Delta-main\release\xstore\xstore\lib\ext\vfjpos_dist_3.8-rxtx.jar
     C:\Koushik\CAW_F\WIP-Xstore_Delta-main\release\xstore\xstore\lib\ext\xercesImpl-2.11.0.jar
     C:\Koushik\CAW_F\WIP-Xstore_Delta-main\release\xstore\xstore\lib\ext\xml-apis-1.4.01.jar
     C:\Koushik\CAW_F\WIP-Xstore_Delta-main\release\xstore\xstore\lib\ext\xpp3_min-1.1.4c.jar
     C:\Koushik\CAW_F\WIP-Xstore_Delta-main\release\xstore\xstore\lib\ext\xstream-1.4.9.jar
     C:\Koushik\CAW_F\WIP-Xstore_Delta-main\release\xstore\xstore\lib\ext\zzz.jaxb-core-12.1.3.jar
     C:\Koushik\CAW_F\WIP-Xstore_Delta-main\release\xstore\xstore\lib\ext\dvt-jclient.jar
     C:\Koushik\CAW_F\WIP-Xstore_Delta-main\release\xstore\xstore\lib\ext\dvt-utils.jar
     C:\Koushik\CAW_F\WIP-Xstore_Delta-main\release\xstore\xstore\lib\ext\i18nAPI_v3.jar
     C:\Koushik\CAW_F\WIP-Xstore_Delta-main\release\xstore\xstore\lib\ext\ItemInformationServiceServiceConsumer.jar
     C:\Koushik\CAW_F\WIP-Xstore_Delta-main\release\xstore\xstore\lib\ext\orai18n.jar
     C:\Koushik\CAW_F\WIP-Xstore_Delta-main\release\xstore\xstore\lib\ext\orai18n-collation.jar
     C:\Koushik\CAW_F\WIP-Xstore_Delta-main\release\xstore\xstore\lib\ext\share.jar
     C:\Koushik\CAW_F\WIP-Xstore_Delta-main\release\xstore\xstore\lib\ext\ShoppingCartServiceServiceConsumer.jar
     C:\Koushik\CAW_F\WIP-Xstore_Delta-main\release\xstore\xstore\lib\ext\TargetedItemsServiceServiceConsumer.jar
     C:\Koushik\CAW_F\WIP-Xstore_Delta-main\release\xstore\xstore\lib\ext\versioninfo.jar
     C:\Koushik\CAW_F\WIP-Xstore_Delta-main\release\xstore\xstore\lib\ext\xdocore.jar
     C:\Koushik\CAW_F\WIP-Xstore_Delta-main\release\xstore\xstore\lib\dtv-itm-rxm.jar
     C:\Koushik\CAW_F\WIP-Xstore_Delta-main\release\xstore\xstore\lib\dtv-itm.jar
     C:\Koushik\CAW_F\WIP-Xstore_Delta-main\release\xstore\xstore\lib\ext\jackson-core-2.8.9.jar
     C:\Koushik\CAW_F\WIP-Xstore_Delta-main\release\xstore\xstore\lib\ext\jackson-databind-2.9.8.jar
     C:\Koushik\CAW_F\WIP-Xstore_Delta-main\release\xstore\xstore\lib\ext\jna-5.2.0.jar
     C:\Koushik\CAW_F\WIP-Xstore_Delta-main\release\xstore\xstore\lib\ext\jna-platform-5.2.0.jar
     C:\Koushik\CAW_F\WIP-Xstore_Delta-main\release\xstore\xstore\lib\ext\log4j-1.2-api-2.11.0.jar
     C:\Koushik\CAW_F\WIP-Xstore_Delta-main\release\xstore\xstore\lib\ext\log4j-api-2.11.0.jar
     C:\Koushik\CAW_F\WIP-Xstore_Delta-main\release\xstore\xstore\lib\ext\log4j-core-2.11.0.jar
     C:\Koushik\CAW_F\WIP-Xstore_Delta-main\release\xstore\xstore\lib\ext\log4j-jcl-2.11.0.jar
     C:\Koushik\CAW_F\WIP-Xstore_Delta-main\release\xstore\xstore\lib\ext\log4j-jul-2.11.0.jar
     C:\Koushik\CAW_F\WIP-Xstore_Delta-main\release\xstore\xstore\lib\ext\log4j-slf4j-impl-2.11.0.jar
     C:\Koushik\CAW_F\WIP-Xstore_Delta-main\release\xstore\xstore\lib\ext\pdfbox-2.0.13.jar
     C:\Koushik\CAW_F\WIP-Xstore_Delta-main\release\xstore\xstore\lib\ext\spring-aop-5.1.4.RELEASE.jar
     C:\Koushik\CAW_F\WIP-Xstore_Delta-main\release\xstore\xstore\lib\ext\spring-beans-5.1.4.RELEASE.jar
     C:\Koushik\CAW_F\WIP-Xstore_Delta-main\release\xstore\xstore\lib\ext\spring-context-5.1.4.RELEASE.jar
     C:\Koushik\CAW_F\WIP-Xstore_Delta-main\release\xstore\xstore\lib\ext\spring-context-support-5.1.4.RELEASE.jar
     C:\Koushik\CAW_F\WIP-Xstore_Delta-main\release\xstore\xstore\lib\ext\spring-core-5.1.4.RELEASE.jar
     C:\Koushik\CAW_F\WIP-Xstore_Delta-main\release\xstore\xstore\lib\ext\spring-expression-5.1.4.RELEASE.jar
     C:\Koushik\CAW_F\WIP-Xstore_Delta-main\release\xstore\xstore\lib\ext\spring-tx-5.1.4.RELEASE.jar
     C:\Koushik\CAW_F\WIP-Xstore_Delta-main\release\xstore\xstore\lib\ext\spring-web-5.1.4.RELEASE.jar
     C:\Koushik\CAW_F\WIP-Xstore_Delta-main\release\xstore\xstore\lib\ext\fontbox-2.0.13.jar
     C:\Koushik\CAW_F\WIP-Xstore_Delta-main\caw_pos\lib\ext\jackson-annotations-2.9.6.jar
     C:\Koushik\CAW_F\WIP-Xstore_Delta-main\caw_pos\lib\ext\jackson-databind-2.9.6.jar
     C:\Koushik\CAW_F\WIP-Xstore_Delta-main\caw_pos\lib\ext\jaxen-1.1.1.jar
     C:\Koushik\CAW_F\WIP-Xstore_Delta-main\caw_pos\lib\ext\jmsrso.jar
     C:\Koushik\CAW_F\WIP-Xstore_Delta-main\caw_pos\lib\ext\zebra\xercesImpl.jar
     C:\Koushik\CAW_F\WIP-Xstore_Delta-main\caw_pos\lib\ext\zebra\xml-apis.jar
     C:\Koushik\CAW_F\WIP-Xstore_Delta-main\caw_pos\lib\ext\zebra\jpos113.jar
     C:\Koushik\CAW_F\WIP-Xstore_Delta-main\caw_pos\lib\ext\zebra\JposLogger.jar
     C:\Koushik\CAW_F\WIP-Xstore_Delta-main\caw_pos\lib\ext\zebra\JposServiceJniScanner.jar
     C:\Koushik\CAW_F\WIP-Xstore_Delta-main\caw_pos\lib\ext\zebra\JposServiceOnScanner.jar
     C:\Koushik\CAW_F\WIP-Xstore_Delta-main\caw_pos\lib\ext\zebra\JposServiceScanner.jar
     C:\Koushik\CAW_F\WIP-Xstore_Delta-main\release\xstore\xstore\lib\ext\ojdbc7-12.1.0.2.23727148.jar
     C:\Koushik\CAW_F\eclipse\configuration\org.eclipse.osgi\228\0\.cp\lib\javaagent-shaded.jar
java.library.path = C:\Program Files\Java\jre1.8.0_421\bin
     C:\WINDOWS\Sun\Java\bin
     C:\WINDOWS\system32
     C:\WINDOWS
     C:/Program Files/Java/jre1.8.0_421/bin/server
     C:/Program Files/Java/jre1.8.0_421/bin
     C:/Program Files/Java/jre1.8.0_421/lib/amd64
     C:\Oracle19c\WINDOWS.X64_193000_db_home\bin
     C:\app\oracle\product\12.1.0\dbhome_1\bin
     C:\Program Files (x86)\Common Files\Oracle\Java\java8path
     C:\Program Files (x86)\Common Files\Oracle\Java\javapath
     C:\Program Files\Java\jdk1.8.0_202\bin
     C:\WINDOWS\system32
     C:\WINDOWS
     C:\WINDOWS\System32\Wbem
     C:\WINDOWS\System32\WindowsPowerShell\v1.0\
     C:\WINDOWS\System32\OpenSSH\
     C:\Users\koushik.mandal\AppData\Local\Microsoft\WindowsApps
     C:\Koushik\CAW_F\eclipse
     .
 :: dtv.pos.framework.StationController [startup]
 INFO  [      ] 2025-05-02 21:32:58,243 Loading Properties - jar:file:/C:/Koushik/CAW_F/WIP-Xstore_Delta-main/release/xstore/xstore/lib/config.jar!/dtv/res/config/ui.properties :: dtv.util.ResourceUtils [startup]
 INFO  [      ] 2025-05-02 21:32:58,246 Loading Properties - file:/C:/Koushik/CAW_F/WIP-Xstore_Delta-main/caw_pos/cust_config/version1/ui.properties :: dtv.util.ResourceUtils [startup]
 INFO  [      ] 2025-05-02 21:32:58,249 Loading Properties - file:/C:/Koushik/CAW_F/WIP-Xstore_Delta-main/caw_pos/cust_config/version1/cheetah/ui.properties :: dtv.util.ResourceUtils [startup]
 WARN  [      ] 2025-05-02 21:32:58,294 'ui.1366x768' not found on classpath...trying failover to file system :: dtv.util.ResourceUtils [startup]
 ERROR [      ] 2025-05-02 21:32:58,294 'ui.1366x768' not found on classpath or file system :: dtv.util.ResourceUtils [startup]
 INFO  [      ] 2025-05-02 21:32:58,999 Loading Properties - jar:file:/C:/Koushik/CAW_F/WIP-Xstore_Delta-main/release/xstore/xstore/lib/config.jar!/dtv/res/config/componentUI.properties :: dtv.util.ResourceUtils [startup]
 INFO  [      ] 2025-05-02 21:33:01,754 loading jar:file:/C:/Koushik/CAW_F/WIP-Xstore_Delta-main/release/xstore/xstore/lib/config.jar!/qas/ServiceHandlers.xml :: dtv.util.config.ConfigHelper [startup]
 INFO  [      ] 2025-05-02 21:33:01,769 Loading Properties - jar:file:/C:/Koushik/CAW_F/WIP-Xstore_Delta-main/release/xstore/xstore/lib/config.jar!/dtv/res/config/ConfigType.properties :: dtv.util.config.ConfigHelper [startup]
 INFO  [      ] 2025-05-02 21:33:01,772 Loading Properties - file:/C:/Koushik/CAW_F/WIP-Xstore_Delta-main/caw_pos/cust_config/version1/ConfigType.properties :: dtv.util.config.ConfigHelper [startup]
 INFO  [      ] 2025-05-02 21:33:01,778 loading jar:file:/C:/Koushik/CAW_F/WIP-Xstore_Delta-main/release/xstore/xstore/lib/config.jar!/locate/ServiceHandlers.xml :: dtv.util.config.ConfigHelper [startup]
 INFO  [      ] 2025-05-02 21:33:01,781 loading file:/C:/Koushik/CAW_F/WIP-Xstore_Delta-main/caw_pos/cust_config/version1/ServiceHandlers.xml :: dtv.util.config.ConfigHelper [startup]
 INFO  [      ] 2025-05-02 21:33:01,784 loading file:/C:/Koushik/CAW_F/WIP-Xstore_Delta-main/caw_pos/cust_config/localconfig/ServiceHandlers.xml :: dtv.util.config.ConfigHelper [startup]
 WARN  [      ] 2025-05-02 21:33:01,994 'MxCFDI' not found on classpath...trying failover to file system :: dtv.util.ResourceUtils [startup]
 ERROR [      ] 2025-05-02 21:33:01,997 'MxCFDI' not found on classpath or file system :: dtv.util.ResourceUtils [startup]
 INFO  [      ] 2025-05-02 21:33:02,123 loading jar:file:/C:/Koushik/CAW_F/WIP-Xstore_Delta-main/release/xstore/xstore/lib/config.jar!/dtv/res/config/uipropertysets/ComponentPropertySetConfig.xml :: dtv.util.config.ConfigHelper [startup]
 INFO  [      ] 2025-05-02 21:33:02,297 loading jar:file:/C:/Koushik/CAW_F/WIP-Xstore_Delta-main/release/xstore/xstore/lib/config.jar!/dtv/res/config/uipropertysets/TabConfig.xml :: dtv.util.config.ConfigHelper [startup]
 INFO  [      ] 2025-05-02 21:33:02,321 loading jar:file:/C:/Koushik/CAW_F/WIP-Xstore_Delta-main/release/xstore/xstore/lib/config.jar!/order/uipropertysets/TabConfig.xml :: dtv.util.config.ConfigHelper [startup]
 INFO  [      ] 2025-05-02 21:33:02,333 loading jar:file:/C:/Koushik/CAW_F/WIP-Xstore_Delta-main/release/xstore/xstore/lib/config.jar!/dtv/res/config/ComponentGroupConfig.xml :: dtv.util.config.ConfigHelper [startup]
 INFO  [      ] 2025-05-02 21:33:02,342 loading jar:file:/C:/Koushik/CAW_F/WIP-Xstore_Delta-main/release/xstore/xstore/lib/config.jar!/dtv/res/config/ContextConfig.xml :: dtv.util.config.ConfigHelper [startup]
 INFO  [      ] 2025-05-02 21:33:02,357 loading jar:file:/C:/Koushik/CAW_F/WIP-Xstore_Delta-main/release/xstore/xstore/lib/config.jar!/order/ContextConfig.xml :: dtv.util.config.ConfigHelper [startup]
 INFO  [      ] 2025-05-02 21:33:02,360 loading file:/C:/Koushik/CAW_F/WIP-Xstore_Delta-main/caw_pos/cust_config/version1/ContextConfig.xml :: dtv.util.config.ConfigHelper [startup]
 INFO  [      ] 2025-05-02 21:33:02,393 loading jar:file:/C:/Koushik/CAW_F/WIP-Xstore_Delta-main/release/xstore/xstore/lib/config.jar!/dtv/res/config/SystemConfig.xml :: dtv.util.config.ConfigHelper [startup]
 INFO  [      ] 2025-05-02 21:33:02,411 loading jar:file:/C:/Koushik/CAW_F/WIP-Xstore_Delta-main/release/xstore/xstore/lib/config.jar!/cust/loyalty/SystemConfig.xml :: dtv.util.config.ConfigHelper [startup]
 INFO  [      ] 2025-05-02 21:33:02,414 loading jar:file:/C:/Koushik/CAW_F/WIP-Xstore_Delta-main/release/xstore/xstore/lib/config.jar!/order/SystemConfig.xml :: dtv.util.config.ConfigHelper [startup]
 INFO  [      ] 2025-05-02 21:33:02,414 loading file:/C:/Koushik/CAW_F/WIP-Xstore_Delta-main/caw_pos/cust_config/version1/SystemConfig.xml :: dtv.util.config.ConfigHelper [startup]
 INFO  [      ] 2025-05-02 21:33:02,417 loading file:/C:/Koushik/CAW_F/WIP-Xstore_Delta-main/caw_pos/cust_config/localconfig/SystemConfig.xml :: dtv.util.config.ConfigHelper [startup]
 INFO  [      ] 2025-05-02 21:33:02,420 loading file:/C:/Koushik/CAW_F/WIP-Xstore_Delta-main/caw_pos/cust_config/version1/patch/SystemConfig.xml :: dtv.util.config.ConfigHelper [startup]
 INFO  [      ] 2025-05-02 21:33:02,663 loading jar:file:/C:/Koushik/CAW_F/WIP-Xstore_Delta-main/release/xstore/xstore/lib/config.jar!/dtv/res/config/ReportRunConfig.xml :: dtv.util.config.ConfigHelper [startup]
 INFO  [      ] 2025-05-02 21:33:02,726 loading jar:file:/C:/Koushik/CAW_F/WIP-Xstore_Delta-main/release/xstore/xstore/lib/config.jar!/dtv/res/config/CacheConfig.xml :: dtv.util.config.ConfigHelper [startup]
 INFO  [      ] 2025-05-02 21:33:02,750 Loading Properties - jar:file:/C:/Koushik/CAW_F/WIP-Xstore_Delta-main/release/xstore/xstore/lib/config.jar!/dtv/res/config/saft.properties :: dtv.util.ResourceUtils [startup]
 INFO  [      ] 2025-05-02 21:33:02,786 loading jar:file:/C:/Koushik/CAW_F/WIP-Xstore_Delta-main/release/xstore/xstore/lib/config.jar!/dtv/res/config/InventoryDocConfig.xml :: dtv.util.config.ConfigHelper [startup]
 INFO  [      ] 2025-05-02 21:33:02,792 loading jar:file:/C:/Koushik/CAW_F/WIP-Xstore_Delta-main/release/xstore/xstore/lib/config.jar!/order/InventoryDocConfig.xml :: dtv.util.config.ConfigHelper [startup]
 INFO  [      ] 2025-05-02 21:33:02,861 loading jar:file:/C:/Koushik/CAW_F/WIP-Xstore_Delta-main/release/xstore/xstore/lib/config.jar!/dtv/res/config/VoucherConfig.xml :: dtv.util.config.ConfigHelper [startup]
 INFO  [      ] 2025-05-02 21:33:02,870 loading file:/C:/Koushik/CAW_F/WIP-Xstore_Delta-main/caw_pos/cust_config/version1/VoucherConfig.xml :: dtv.util.config.ConfigHelper [startup]
 ERROR [      ] 2025-05-02 21:33:02,930 customerAccountHelper[dtv.pos.customer.account.CustomerAccountHelper defined in class path resource [dtv/res/config/spring/spring.xml]] is a singleton, but injects a non-singleton _amProvider<-accountManager[null [dtv.pos.customer.account.AccountManager] defined in class path resource [dtv/res/config/spring/retail-beans.xml]] :: dtv.util.spring.SingletonValidatorBeanPostProcessor [startup]
 INFO  [      ] 2025-05-02 21:33:03,107 loading jar:file:/C:/Koushik/CAW_F/WIP-Xstore_Delta-main/release/xstore/xstore/lib/config.jar!/dtv/res/config/LocaleMap.xml :: dtv.util.config.ConfigHelper [startup]
 INFO  [      ] 2025-05-02 21:33:03,107 loading jar:file:/C:/Koushik/CAW_F/WIP-Xstore_Delta-main/release/xstore/xstore/lib/config.jar!/countrypack/US/LocaleMap.xml :: dtv.util.config.ConfigHelper [startup]
 INFO  [      ] 2025-05-02 21:33:03,116 loading jar:file:/C:/Koushik/CAW_F/WIP-Xstore_Delta-main/release/xstore/xstore/lib/config.jar!/dtv/res/config/AvailableLocales.xml :: dtv.util.config.ConfigHelper [startup]
 INFO  [      ] 2025-05-02 21:33:03,116 loading jar:file:/C:/Koushik/CAW_F/WIP-Xstore_Delta-main/release/xstore/xstore/lib/config.jar!/countrypack/US/AvailableLocales.xml :: dtv.util.config.ConfigHelper [startup]
 INFO  [      ] 2025-05-02 21:33:03,218 loading jar:file:/C:/Koushik/CAW_F/WIP-Xstore_Delta-main/release/xstore/xstore/lib/config.jar!/dtv/res/config/MBeanInfoConfig.xml :: dtv.util.config.ConfigHelper [startup]
 ERROR [      ] 2025-05-02 21:33:03,248 CAUGHT EXCEPTION :: dtv.util.crypto.DtvDecrypter [startup]
dtv.util.crypto.SecretKeyCipherStoreException: no cipher for effective date NULL_INSTANCE
	at dtv.util.crypto.DtvCipherSet.decrypt(DtvCipherSet.java:438) ~[dtv-util.jar:16.0.5.0.38]
	at dtv.util.crypto.DtvCipherSet.doFinal(DtvCipherSet.java:350) ~[dtv-util.jar:16.0.5.0.38]
	at dtv.util.crypto.DtvDecrypter.decrypt(DtvDecrypter.java:156) ~[dtv-util.jar:16.0.5.0.38]
	at dtv.util.crypto.DtvDecrypter.decrypt(DtvDecrypter.java:134) ~[dtv-util.jar:16.0.5.0.38]
	at dtv.util.crypto.DtvDecrypter.decryptToBytes(DtvDecrypter.java:198) ~[dtv-util.jar:16.0.5.0.38]
	at dtv.jmx.html.HttpsServer.setKeyStorePassword(HttpsServer.java:406) ~[dtv-jmxutil.jar:16.0.5.0.38]
	at sun.reflect.NativeMethodAccessorImpl.invoke0(Native Method) ~[?:1.8.0_421]
	at sun.reflect.NativeMethodAccessorImpl.invoke(Unknown Source) ~[?:1.8.0_421]
	at sun.reflect.DelegatingMethodAccessorImpl.invoke(Unknown Source) ~[?:1.8.0_421]
	at java.lang.reflect.Method.invoke(Unknown Source) ~[?:1.8.0_421]
	at org.springframework.beans.BeanWrapperImpl$BeanPropertyHandler.setValue(BeanWrapperImpl.java:332) ~[spring-beans-5.1.4.RELEASE.jar:5.1.4.RELEASE]
	at org.springframework.beans.AbstractNestablePropertyAccessor.processLocalProperty(AbstractNestablePropertyAccessor.java:458) ~[spring-beans-5.1.4.RELEASE.jar:5.1.4.RELEASE]
	at org.springframework.beans.AbstractNestablePropertyAccessor.setPropertyValue(AbstractNestablePropertyAccessor.java:278) ~[spring-beans-5.1.4.RELEASE.jar:5.1.4.RELEASE]
	at org.springframework.beans.AbstractNestablePropertyAccessor.setPropertyValue(AbstractNestablePropertyAccessor.java:266) ~[spring-beans-5.1.4.RELEASE.jar:5.1.4.RELEASE]
	at org.springframework.beans.AbstractPropertyAccessor.setPropertyValues(AbstractPropertyAccessor.java:97) ~[spring-beans-5.1.4.RELEASE.jar:5.1.4.RELEASE]
	at org.springframework.beans.AbstractPropertyAccessor.setPropertyValues(AbstractPropertyAccessor.java:77) ~[spring-beans-5.1.4.RELEASE.jar:5.1.4.RELEASE]
	at org.springframework.beans.factory.support.AbstractAutowireCapableBeanFactory.applyPropertyValues(AbstractAutowireCapableBeanFactory.java:1681) ~[spring-beans-5.1.4.RELEASE.jar:5.1.4.RELEASE]
	at org.springframework.beans.factory.support.AbstractAutowireCapableBeanFactory.populateBean(AbstractAutowireCapableBeanFactory.java:1400) ~[spring-beans-5.1.4.RELEASE.jar:5.1.4.RELEASE]
	at org.springframework.beans.factory.support.AbstractAutowireCapableBeanFactory.doCreateBean(AbstractAutowireCapableBeanFactory.java:575) ~[spring-beans-5.1.4.RELEASE.jar:5.1.4.RELEASE]
	at org.springframework.beans.factory.support.AbstractAutowireCapableBeanFactory.createBean(AbstractAutowireCapableBeanFactory.java:498) ~[spring-beans-5.1.4.RELEASE.jar:5.1.4.RELEASE]
	at org.springframework.beans.factory.support.AbstractBeanFactory.lambda$doGetBean$0(AbstractBeanFactory.java:320) ~[spring-beans-5.1.4.RELEASE.jar:5.1.4.RELEASE]
	at org.springframework.beans.factory.support.DefaultSingletonBeanRegistry.getSingleton(DefaultSingletonBeanRegistry.java:222) [spring-beans-5.1.4.RELEASE.jar:5.1.4.RELEASE]
	at org.springframework.beans.factory.support.AbstractBeanFactory.doGetBean(AbstractBeanFactory.java:318) [spring-beans-5.1.4.RELEASE.jar:5.1.4.RELEASE]
	at org.springframework.beans.factory.support.AbstractBeanFactory.getBean(AbstractBeanFactory.java:199) [spring-beans-5.1.4.RELEASE.jar:5.1.4.RELEASE]
	at org.springframework.beans.factory.support.DefaultListableBeanFactory.preInstantiateSingletons(DefaultListableBeanFactory.java:846) [spring-beans-5.1.4.RELEASE.jar:5.1.4.RELEASE]
	at org.springframework.context.support.AbstractApplicationContext.finishBeanFactoryInitialization(AbstractApplicationContext.java:863) [spring-context-5.1.4.RELEASE.jar:5.1.4.RELEASE]
	at org.springframework.context.support.AbstractApplicationContext.refresh(AbstractApplicationContext.java:546) [spring-context-5.1.4.RELEASE.jar:5.1.4.RELEASE]
	at org.springframework.context.support.ClassPathXmlApplicationContext.<init>(ClassPathXmlApplicationContext.java:144) [spring-context-5.1.4.RELEASE.jar:5.1.4.RELEASE]
	at org.springframework.context.support.ClassPathXmlApplicationContext.<init>(ClassPathXmlApplicationContext.java:95) [spring-context-5.1.4.RELEASE.jar:5.1.4.RELEASE]
	at dtv.pos.framework.StationController$StartupWorker.run(StationController.java:526) [dtv-posframework.jar:16.0.5.0.38]
	at java.lang.Thread.run(Unknown Source) [?:1.8.0_421]
 INFO  [      ] 2025-05-02 21:33:03,299 loading jar:file:/C:/Koushik/CAW_F/WIP-Xstore_Delta-main/release/xstore/xstore/lib/config.jar!/dtv/res/config/DtxReplicationConfig.xml :: dtv.util.config.ConfigHelper [startup]
 INFO  [      ] 2025-05-02 21:33:03,305 loading file:/C:/Koushik/CAW_F/WIP-Xstore_Delta-main/caw_pos/cust_config/version1/DtxReplicationConfig.xml :: dtv.util.config.ConfigHelper [startup]
 INFO  [      ] 2025-05-02 21:33:03,308 loading file:/C:/Koushik/CAW_F/WIP-Xstore_Delta-main/caw_pos/cust_config/localconfig/DtxReplicationConfig.xml :: dtv.util.config.ConfigHelper [startup]
 FATAL [      ] 2025-05-02 21:33:03,314 CAUGHT EXCEPTION :: dtv.pos.framework.StationController [startup]
org.springframework.beans.factory.BeanCreationException: Error creating bean with name 'replicationServiceFactory' defined in class path resource [dtv/res/config/spring/persistence-beans.xml]: Invocation of init method failed; nested exception is java.lang.NullPointerException
	at org.springframework.beans.factory.support.AbstractAutowireCapableBeanFactory.initializeBean(AbstractAutowireCapableBeanFactory.java:1745) ~[spring-beans-5.1.4.RELEASE.jar:5.1.4.RELEASE]
	at org.springframework.beans.factory.support.AbstractAutowireCapableBeanFactory.doCreateBean(AbstractAutowireCapableBeanFactory.java:576) ~[spring-beans-5.1.4.RELEASE.jar:5.1.4.RELEASE]
	at org.springframework.beans.factory.support.AbstractAutowireCapableBeanFactory.createBean(AbstractAutowireCapableBeanFactory.java:498) ~[spring-beans-5.1.4.RELEASE.jar:5.1.4.RELEASE]
	at org.springframework.beans.factory.support.AbstractBeanFactory.lambda$doGetBean$0(AbstractBeanFactory.java:320) ~[spring-beans-5.1.4.RELEASE.jar:5.1.4.RELEASE]
	at org.springframework.beans.factory.support.DefaultSingletonBeanRegistry.getSingleton(DefaultSingletonBeanRegistry.java:222) ~[spring-beans-5.1.4.RELEASE.jar:5.1.4.RELEASE]
	at org.springframework.beans.factory.support.AbstractBeanFactory.doGetBean(AbstractBeanFactory.java:318) ~[spring-beans-5.1.4.RELEASE.jar:5.1.4.RELEASE]
	at org.springframework.beans.factory.support.AbstractBeanFactory.getBean(AbstractBeanFactory.java:199) ~[spring-beans-5.1.4.RELEASE.jar:5.1.4.RELEASE]
	at org.springframework.beans.factory.support.DefaultListableBeanFactory.preInstantiateSingletons(DefaultListableBeanFactory.java:846) ~[spring-beans-5.1.4.RELEASE.jar:5.1.4.RELEASE]
	at org.springframework.context.support.AbstractApplicationContext.finishBeanFactoryInitialization(AbstractApplicationContext.java:863) ~[spring-context-5.1.4.RELEASE.jar:5.1.4.RELEASE]
	at org.springframework.context.support.AbstractApplicationContext.refresh(AbstractApplicationContext.java:546) ~[spring-context-5.1.4.RELEASE.jar:5.1.4.RELEASE]
	at org.springframework.context.support.ClassPathXmlApplicationContext.<init>(ClassPathXmlApplicationContext.java:144) ~[spring-context-5.1.4.RELEASE.jar:5.1.4.RELEASE]
	at org.springframework.context.support.ClassPathXmlApplicationContext.<init>(ClassPathXmlApplicationContext.java:95) ~[spring-context-5.1.4.RELEASE.jar:5.1.4.RELEASE]
	at dtv.pos.framework.StationController$StartupWorker.run(StationController.java:526) [dtv-posframework.jar:16.0.5.0.38]
	at java.lang.Thread.run(Unknown Source) [?:1.8.0_421]
Caused by: java.lang.NullPointerException
	at dtv.data2.replication.dtximpl.DtxReplicationServiceFactory.getService(DtxReplicationServiceFactory.java:181) ~[dtv-data2.jar:16.0.5.0.38]
	at dtv.data2.replication.dtximpl.DtxReplicationServiceFactory.init(DtxReplicationServiceFactory.java:230) ~[dtv-data2.jar:16.0.5.0.38]
	at sun.reflect.NativeMethodAccessorImpl.invoke0(Native Method) ~[?:1.8.0_421]
	at sun.reflect.NativeMethodAccessorImpl.invoke(Unknown Source) ~[?:1.8.0_421]
	at sun.reflect.DelegatingMethodAccessorImpl.invoke(Unknown Source) ~[?:1.8.0_421]
	at java.lang.reflect.Method.invoke(Unknown Source) ~[?:1.8.0_421]
	at org.springframework.beans.factory.support.AbstractAutowireCapableBeanFactory.invokeCustomInitMethod(AbstractAutowireCapableBeanFactory.java:1870) ~[spring-beans-5.1.4.RELEASE.jar:5.1.4.RELEASE]
	at org.springframework.beans.factory.support.AbstractAutowireCapableBeanFactory.invokeInitMethods(AbstractAutowireCapableBeanFactory.java:1813) ~[spring-beans-5.1.4.RELEASE.jar:5.1.4.RELEASE]
	at org.springframework.beans.factory.support.AbstractAutowireCapableBeanFactory.initializeBean(AbstractAutowireCapableBeanFactory.java:1741) ~[spring-beans-5.1.4.RELEASE.jar:5.1.4.RELEASE]
	... 13 more
