**LOG BEGUN     2024-09-10 11:32:46,699
loading C:WIP-Xstore_Delta-maincaw_poscust_configlog4j2.xml
 INFO  [      ] 2024-09-10 11:32:46,677 Loading Properties - jar:file:/C:/WIP-Xstore_Delta-main/release/xstore/xstore/lib/config.jar!/dtv/res/config/ui.properties :: dtv.util.ResourceUtils [startup]
 INFO  [      ] 2024-09-10 11:32:46,704 Loading Properties - file:/C:/WIP-Xstore_Delta-main/caw_pos/cust_config/version1/ui.properties :: dtv.util.ResourceUtils [startup]
 INFO  [      ] 2024-09-10 11:32:46,783 Loading Properties - jar:file:/C:/WIP-Xstore_Delta-main/release/xstore/xstore/lib/config.jar!/dtv/res/config/ui.1920x1080.properties :: dtv.util.ResourceUtils [startup]
 WARN  [      ] 2024-09-10 11:32:50,987 'MxCFDI' not found on classpath...trying failover to file system :: dtv.util.ResourceUtils [startup]
 ERROR [      ] 2024-09-10 11:32:50,987 'MxCFDI' not found on classpath or file system :: dtv.util.ResourceUtils [startup]
 INFO  [      ] 2024-09-10 11:32:51,032 loading jar:file:/C:/WIP-Xstore_Delta-main/release/xstore/xstore/lib/config.jar!/dtv/res/config/uipropertysets/ComponentPropertySetConfig.xml :: dtv.util.config.ConfigHelper [startup]
 INFO  [      ] 2024-09-10 11:32:51,047 Loading Properties - jar:file:/C:/WIP-Xstore_Delta-main/release/xstore/xstore/lib/config.jar!/dtv/res/config/ConfigType.properties :: dtv.util.config.ConfigHelper [startup]
 INFO  [      ] 2024-09-10 11:32:51,049 Loading Properties - file:/C:/WIP-Xstore_Delta-main/caw_pos/cust_config/version1/ConfigType.properties :: dtv.util.config.ConfigHelper [startup]
 INFO  [      ] 2024-09-10 11:32:51,242 loading jar:file:/C:/WIP-Xstore_Delta-main/release/xstore/xstore/lib/config.jar!/dtv/res/config/uipropertysets/TabConfig.xml :: dtv.util.config.ConfigHelper [startup]
 INFO  [      ] 2024-09-10 11:32:51,292 loading jar:file:/C:/WIP-Xstore_Delta-main/release/xstore/xstore/lib/config.jar!/dtv/res/config/ComponentGroupConfig.xml :: dtv.util.config.ConfigHelper [startup]
 INFO  [      ] 2024-09-10 11:32:51,301 loading jar:file:/C:/WIP-Xstore_Delta-main/release/xstore/xstore/lib/config.jar!/dtv/res/config/ContextConfig.xml :: dtv.util.config.ConfigHelper [startup]
 INFO  [      ] 2024-09-10 11:32:51,312 loading file:/C:/WIP-Xstore_Delta-main/caw_pos/cust_config/version1/ContextConfig.xml :: dtv.util.config.ConfigHelper [startup]
 INFO  [      ] 2024-09-10 11:32:51,426 loading jar:file:/C:/WIP-Xstore_Delta-main/release/xstore/xstore/lib/config.jar!/dtv/res/config/SystemConfig.xml :: dtv.util.config.ConfigHelper [startup]
 INFO  [      ] 2024-09-10 11:32:51,442 loading file:/C:/WIP-Xstore_Delta-main/caw_pos/cust_config/version1/SystemConfig.xml :: dtv.util.config.ConfigHelper [startup]
 INFO  [      ] 2024-09-10 11:32:51,445 loading file:/C:/WIP-Xstore_Delta-main/caw_pos/cust_config/localconfig/SystemConfig.xml :: dtv.util.config.ConfigHelper [startup]
 INFO  [      ] 2024-09-10 11:32:51,447 loading file:/C:/WIP-Xstore_Delta-main/caw_pos/cust_config/version1/patch/SystemConfig.xml :: dtv.util.config.ConfigHelper [startup]
 INFO  [      ] 2024-09-10 11:32:51,662 loading jar:file:/C:/WIP-Xstore_Delta-main/release/xstore/xstore/lib/config.jar!/dtv/res/config/ReportRunConfig.xml :: dtv.util.config.ConfigHelper [startup]
 INFO  [      ] 2024-09-10 11:32:51,706 loading file:/C:/WIP-Xstore_Delta-main/caw_pos/cust_config/version1/ServiceHandlers.xml :: dtv.util.config.ConfigHelper [startup]
 INFO  [      ] 2024-09-10 11:32:51,710 loading file:/C:/WIP-Xstore_Delta-main/caw_pos/cust_config/localconfig/ServiceHandlers.xml :: dtv.util.config.ConfigHelper [startup]
 INFO  [      ] 2024-09-10 11:32:51,733 loading jar:file:/C:/WIP-Xstore_Delta-main/release/xstore/xstore/lib/config.jar!/dtv/res/config/CacheConfig.xml :: dtv.util.config.ConfigHelper [startup]
 INFO  [      ] 2024-09-10 11:32:51,757 Loading Properties - jar:file:/C:/WIP-Xstore_Delta-main/release/xstore/xstore/lib/config.jar!/dtv/res/config/saft.properties :: dtv.util.ResourceUtils [startup]
 INFO  [      ] 2024-09-10 11:32:51,795 loading jar:file:/C:/WIP-Xstore_Delta-main/release/xstore/xstore/lib/config.jar!/dtv/res/config/InventoryDocConfig.xml :: dtv.util.config.ConfigHelper [startup]
 INFO  [      ] 2024-09-10 11:32:51,868 loading jar:file:/C:/WIP-Xstore_Delta-main/release/xstore/xstore/lib/config.jar!/dtv/res/config/VoucherConfig.xml :: dtv.util.config.ConfigHelper [startup]
 INFO  [      ] 2024-09-10 11:32:51,879 loading file:/C:/WIP-Xstore_Delta-main/caw_pos/cust_config/version1/VoucherConfig.xml :: dtv.util.config.ConfigHelper [startup]
 ERROR [      ] 2024-09-10 11:32:51,934 customerAccountHelper[dtv.pos.customer.account.CustomerAccountHelper defined in class path resource [dtv/res/config/spring/spring.xml]] is a singleton, but injects a non-singleton _amProvider<-accountManager[null [dtv.pos.customer.account.AccountManager] defined in class path resource [dtv/res/config/spring/retail-beans.xml]] :: dtv.util.spring.SingletonValidatorBeanPostProcessor [startup]
 INFO  [      ] 2024-09-10 11:32:52,513 loading jar:file:/C:/WIP-Xstore_Delta-main/release/xstore/xstore/lib/config.jar!/dtv/res/config/LocaleMap.xml :: dtv.util.config.ConfigHelper [startup]
 INFO  [      ] 2024-09-10 11:32:52,519 loading jar:file:/C:/WIP-Xstore_Delta-main/release/xstore/xstore/lib/config.jar!/dtv/res/config/AvailableLocales.xml :: dtv.util.config.ConfigHelper [startup]
 INFO  [      ] 2024-09-10 11:32:52,618 loading jar:file:/C:/WIP-Xstore_Delta-main/release/xstore/xstore/lib/config.jar!/dtv/res/config/MBeanInfoConfig.xml :: dtv.util.config.ConfigHelper [startup]
 FATAL [      ] 2024-09-10 11:32:52,643 CAUGHT EXCEPTION :: dtv.pos.framework.StationController [startup]
org.springframework.beans.factory.BeanCreationException: Error creating bean with name 'htmlHttpsServer' defined in class path resource [dtv/res/config/spring/jmx-beans.xml]: Initialization of bean failed; nested exception is org.springframework.beans.TypeMismatchException: Failed to convert property value of type 'null' to required type 'int' for property 'port'; nested exception is java.lang.IllegalArgumentException: Cannot convert value of type 'null' to required type 'int' for property 'port': PropertyEditor [org.springframework.beans.propertyeditors.CustomNumberEditor] returned inappropriate value of type 'null'
	at org.springframework.beans.factory.support.AbstractAutowireCapableBeanFactory.doCreateBean(AbstractAutowireCapableBeanFactory.java:584) ~[spring-beans-5.1.4.RELEASE.jar:5.1.4.RELEASE]
	at org.springframework.beans.factory.support.AbstractAutowireCapableBeanFactory.createBean(AbstractAutowireCapableBeanFactory.java:498) ~[spring-beans-5.1.4.RELEASE.jar:5.1.4.RELEASE]
	at org.springframework.beans.factory.support.AbstractBeanFactory.lambda$doGetBean$0(AbstractBeanFactory.java:320) ~[spring-beans-5.1.4.RELEASE.jar:5.1.4.RELEASE]
	at org.springframework.beans.factory.support.DefaultSingletonBeanRegistry.getSingleton(DefaultSingletonBeanRegistry.java:222) ~[spring-beans-5.1.4.RELEASE.jar:5.1.4.RELEASE]
	at org.springframework.beans.factory.support.AbstractBeanFactory.doGetBean(AbstractBeanFactory.java:318) ~[spring-beans-5.1.4.RELEASE.jar:5.1.4.RELEASE]
	at org.springframework.beans.factory.support.AbstractBeanFactory.getBean(AbstractBeanFactory.java:199) ~[spring-beans-5.1.4.RELEASE.jar:5.1.4.RELEASE]
	at org.springframework.beans.factory.support.DefaultListableBeanFactory.preInstantiateSingletons(DefaultListableBeanFactory.java:846) ~[spring-beans-5.1.4.RELEASE.jar:5.1.4.RELEASE]
	at org.springframework.context.support.AbstractApplicationContext.finishBeanFactoryInitialization(AbstractApplicationContext.java:863) ~[spring-context-5.1.4.RELEASE.jar:5.1.4.RELEASE]
	at org.springframework.context.support.AbstractApplicationContext.refresh(AbstractApplicationContext.java:546) ~[spring-context-5.1.4.RELEASE.jar:5.1.4.RELEASE]
	at org.springframework.context.support.ClassPathXmlApplicationContext.<init>(ClassPathXmlApplicationContext.java:144) ~[spring-context-5.1.4.RELEASE.jar:5.1.4.RELEASE]
	at org.springframework.context.support.ClassPathXmlApplicationContext.<init>(ClassPathXmlApplicationContext.java:95) ~[spring-context-5.1.4.RELEASE.jar:5.1.4.RELEASE]
	at dtv.pos.framework.StationController$StartupWorker.run(StationController.java:526) [dtv-posframework.jar:16.0.5.0.38]
	at java.lang.Thread.run(Thread.java:748) [?:1.8.0_202]
Caused by: org.springframework.beans.TypeMismatchException: Failed to convert property value of type 'null' to required type 'int' for property 'port'; nested exception is java.lang.IllegalArgumentException: Cannot convert value of type 'null' to required type 'int' for property 'port': PropertyEditor [org.springframework.beans.propertyeditors.CustomNumberEditor] returned inappropriate value of type 'null'
	at org.springframework.beans.AbstractNestablePropertyAccessor.convertIfNecessary(AbstractNestablePropertyAccessor.java:595) ~[spring-beans-5.1.4.RELEASE.jar:5.1.4.RELEASE]
	at org.springframework.beans.AbstractNestablePropertyAccessor.convertForProperty(AbstractNestablePropertyAccessor.java:604) ~[spring-beans-5.1.4.RELEASE.jar:5.1.4.RELEASE]
	at org.springframework.beans.BeanWrapperImpl.convertForProperty(BeanWrapperImpl.java:219) ~[spring-beans-5.1.4.RELEASE.jar:5.1.4.RELEASE]
	at org.springframework.beans.factory.support.AbstractAutowireCapableBeanFactory.convertForProperty(AbstractAutowireCapableBeanFactory.java:1697) ~[spring-beans-5.1.4.RELEASE.jar:5.1.4.RELEASE]
	at org.springframework.beans.factory.support.AbstractAutowireCapableBeanFactory.applyPropertyValues(AbstractAutowireCapableBeanFactory.java:1653) ~[spring-beans-5.1.4.RELEASE.jar:5.1.4.RELEASE]
	at org.springframework.beans.factory.support.AbstractAutowireCapableBeanFactory.populateBean(AbstractAutowireCapableBeanFactory.java:1400) ~[spring-beans-5.1.4.RELEASE.jar:5.1.4.RELEASE]
	at org.springframework.beans.factory.support.AbstractAutowireCapableBeanFactory.doCreateBean(AbstractAutowireCapableBeanFactory.java:575) ~[spring-beans-5.1.4.RELEASE.jar:5.1.4.RELEASE]
	... 12 more
Caused by: java.lang.IllegalArgumentException: Cannot convert value of type 'null' to required type 'int' for property 'port': PropertyEditor [org.springframework.beans.propertyeditors.CustomNumberEditor] returned inappropriate value of type 'null'
	at org.springframework.beans.TypeConverterDelegate.convertIfNecessary(TypeConverterDelegate.java:258) ~[spring-beans-5.1.4.RELEASE.jar:5.1.4.RELEASE]
	at org.springframework.beans.AbstractNestablePropertyAccessor.convertIfNecessary(AbstractNestablePropertyAccessor.java:585) ~[spring-beans-5.1.4.RELEASE.jar:5.1.4.RELEASE]
	at org.springframework.beans.AbstractNestablePropertyAccessor.convertForProperty(AbstractNestablePropertyAccessor.java:604) ~[spring-beans-5.1.4.RELEASE.jar:5.1.4.RELEASE]
	at org.springframework.beans.BeanWrapperImpl.convertForProperty(BeanWrapperImpl.java:219) ~[spring-beans-5.1.4.RELEASE.jar:5.1.4.RELEASE]
	at org.springframework.beans.factory.support.AbstractAutowireCapableBeanFactory.convertForProperty(AbstractAutowireCapableBeanFactory.java:1697) ~[spring-beans-5.1.4.RELEASE.jar:5.1.4.RELEASE]
	at org.springframework.beans.factory.support.AbstractAutowireCapableBeanFactory.applyPropertyValues(AbstractAutowireCapableBeanFactory.java:1653) ~[spring-beans-5.1.4.RELEASE.jar:5.1.4.RELEASE]
	at org.springframework.beans.factory.support.AbstractAutowireCapableBeanFactory.populateBean(AbstractAutowireCapableBeanFactory.java:1400) ~[spring-beans-5.1.4.RELEASE.jar:5.1.4.RELEASE]
	at org.springframework.beans.factory.support.AbstractAutowireCapableBeanFactory.doCreateBean(AbstractAutowireCapableBeanFactory.java:575) ~[spring-beans-5.1.4.RELEASE.jar:5.1.4.RELEASE]
	... 12 more
