**LOG BEGUN     2025-05-05 20:29:05,108
loading C:0502Final_inc_agmodcaw_poscust_configlog4j2.xml
 INFO  [      ] 2025-05-05 20:29:05,097 STARTING

********************
LOCATION INFORMATION
********************

dtv.CustomerId: CAW
OrganizationId: 1000
RetailLocationId: 619
WorkstationId: 1

********************
PATH PROPERTIES
********************

dtv.base.config.path = :cust:cust/loyalty
dtv.config.path = :cust:cust/loyalty:base:avs:qas:order:locate:countrypack/US:version1:MASTER/DEFAULT:version1/cheetah:local:version1/brand/CW_SUP:version1/locate:localconfig:version1/patch
dtv.system.properties.locations = file:/C:/0502/Final_inc_agmod/caw_pos/root/system.properties
     file:/C:/0502/Final_inc_agmod/caw_pos/system.properties
java.class.path = C:\0502\Final_inc_agmod\caw_pos\bin
     C:\0502\Final_inc_agmod\caw_pos\cust_config
     C:\0502\Final_inc_agmod\caw_pos\hotfix-lib\hotfix-16.0.3-27648568.jar
     C:\0502\Final_inc_agmod\caw_pos\hotfix-lib\hotfix-16.0.3-28487157.jar
     C:\0502\Final_inc_agmod\caw_pos\lib\ext\MiraServJava.jar
     C:\0502\Final_inc_agmod\caw_pos\lib\ext\ini4j-0.5.2.jar
     C:\Users\subhankar.pal\Desktop\eclipse-java-2019-12-R-win32-x86_64\eclipse\plugins\org.junit_4.12.0.v201504281640\junit.jar
     C:\Users\subhankar.pal\Desktop\eclipse-java-2019-12-R-win32-x86_64\eclipse\plugins\org.hamcrest.core_1.3.0.v20180420-1519.jar
     C:\0502\Final_inc_agmod\release\xstore\xstore\lib\config.jar
     C:\0502\Final_inc_agmod\release\xstore\xstore\lib\dtv-data2.jar
     C:\0502\Final_inc_agmod\release\xstore\xstore\lib\pos.jar
     C:\0502\Final_inc_agmod\release\xstore\xstore\lib\config-objects.jar
     C:\0502\Final_inc_agmod\release\xstore\xstore\lib\dtv-auth-core.jar
     C:\0502\Final_inc_agmod\release\xstore\xstore\lib\dtv-auth-impl.jar
     C:\0502\Final_inc_agmod\release\xstore\xstore\lib\dtv-auth-sv.jar
     C:\0502\Final_inc_agmod\release\xstore\xstore\lib\dtv-avs-qas.jar
     C:\0502\Final_inc_agmod\release\xstore\xstore\lib\dtv-avs.jar
     C:\0502\Final_inc_agmod\release\xstore\xstore\lib\dtv-barcode.jar
     C:\0502\Final_inc_agmod\release\xstore\xstore\lib\dtv-bitmap.jar
     C:\0502\Final_inc_agmod\release\xstore\xstore\lib\dtv-cheetah.jar
     C:\0502\Final_inc_agmod\release\xstore\xstore\lib\dtv-countrypack.jar
     C:\0502\Final_inc_agmod\release\xstore\xstore\lib\dtv-dtx.jar
     C:\0502\Final_inc_agmod\release\xstore\xstore\lib\dtv-event.jar
     C:\0502\Final_inc_agmod\release\xstore\xstore\lib\dtv-fonts.jar
     C:\0502\Final_inc_agmod\release\xstore\xstore\lib\dtv-hardware.jar
     C:\0502\Final_inc_agmod\release\xstore\xstore\lib\dtv-i18n.jar
     C:\0502\Final_inc_agmod\release\xstore\xstore\lib\dtv-inv-sim.jar
     C:\0502\Final_inc_agmod\release\xstore\xstore\lib\dtv-inv.jar
     C:\0502\Final_inc_agmod\release\xstore\xstore\lib\dtv-ipc.jar
     C:\0502\Final_inc_agmod\release\xstore\xstore\lib\dtv-jmxutil.jar
     C:\0502\Final_inc_agmod\release\xstore\xstore\lib\dtv-jna.jar
     C:\0502\Final_inc_agmod\release\xstore\xstore\lib\dtv-password.jar
     C:\0502\Final_inc_agmod\release\xstore\xstore\lib\dtv-posframework.jar
     C:\0502\Final_inc_agmod\release\xstore\xstore\lib\dtv-pricing2.jar
     C:\0502\Final_inc_agmod\release\xstore\xstore\lib\dtv-service.jar
     C:\0502\Final_inc_agmod\release\xstore\xstore\lib\dtv-tenderretail.jar
     C:\0502\Final_inc_agmod\release\xstore\xstore\lib\dtv-ui-graphics.jar
     C:\0502\Final_inc_agmod\release\xstore\xstore\lib\dtv-ui.jar
     C:\0502\Final_inc_agmod\release\xstore\xstore\lib\dtv-upgrader.jar
     C:\0502\Final_inc_agmod\release\xstore\xstore\lib\dtv-util-measurement.jar
     C:\0502\Final_inc_agmod\release\xstore\xstore\lib\dtv-util-net.jar
     C:\0502\Final_inc_agmod\release\xstore\xstore\lib\dtv-util-sequence.jar
     C:\0502\Final_inc_agmod\release\xstore\xstore\lib\dtv-util.jar
     C:\0502\Final_inc_agmod\release\xstore\xstore\lib\dtv-xmlobjects.jar
     C:\0502\Final_inc_agmod\release\xstore\xstore\lib\dtv-xst-crm-relate.jar
     C:\0502\Final_inc_agmod\release\xstore\xstore\lib\dtv-xst-crm.jar
     C:\0502\Final_inc_agmod\release\xstore\xstore\lib\dtv-xst-opera.jar
     C:\0502\Final_inc_agmod\release\xstore\xstore\lib\dtv-xst-xom-locate.jar
     C:\0502\Final_inc_agmod\release\xstore\xstore\lib\dtv-xst-xom.jar
     C:\0502\Final_inc_agmod\release\xstore\xstore\lib\dtv-xstoregwt-util.jar
     C:\0502\Final_inc_agmod\release\xstore\xstore\lib\dtv-xunit-api.jar
     C:\0502\Final_inc_agmod\release\xstore\xstore\lib\ext\APGJposService171.jar
     C:\0502\Final_inc_agmod\release\xstore\xstore\lib\ext\commons-beanutils-1.9.2.jar
     C:\0502\Final_inc_agmod\release\xstore\xstore\lib\ext\commons-codec-1.10.jar
     C:\0502\Final_inc_agmod\release\xstore\xstore\lib\ext\commons-collections-3.2.2.jar
     C:\0502\Final_inc_agmod\release\xstore\xstore\lib\ext\commons-configuration-1.10.jar
     C:\0502\Final_inc_agmod\release\xstore\xstore\lib\ext\commons-digester3-3.2.jar
     C:\0502\Final_inc_agmod\release\xstore\xstore\lib\ext\commons-io-2.5.jar
     C:\0502\Final_inc_agmod\release\xstore\xstore\lib\ext\commons-lang-2.6.jar
     C:\0502\Final_inc_agmod\release\xstore\xstore\lib\ext\commons-lang3-3.4.jar
     C:\0502\Final_inc_agmod\release\xstore\xstore\lib\ext\commons-logging-1.2.jar
     C:\0502\Final_inc_agmod\release\xstore\xstore\lib\ext\commons-pool2-2.4.2.jar
     C:\0502\Final_inc_agmod\release\xstore\xstore\lib\ext\concurrent-1.0.jar
     C:\0502\Final_inc_agmod\release\xstore\xstore\lib\ext\cryptoj-12.1.3.jar
     C:\0502\Final_inc_agmod\release\xstore\xstore\lib\ext\DJNativeSwing-SWT.jar
     C:\0502\Final_inc_agmod\release\xstore\xstore\lib\ext\DJNativeSwing.jar
     C:\0502\Final_inc_agmod\release\xstore\xstore\lib\ext\DLSJavaPOS.jar
     C:\0502\Final_inc_agmod\release\xstore\xstore\lib\ext\dozer-5.5.1.jar
     C:\0502\Final_inc_agmod\release\xstore\xstore\lib\ext\dpotapi.jar
     C:\0502\Final_inc_agmod\release\xstore\xstore\lib\ext\dpotjni.jar
     C:\0502\Final_inc_agmod\release\xstore\xstore\lib\ext\jdom-2.0.6.jar
     C:\0502\Final_inc_agmod\release\xstore\xstore\lib\ext\eftlink.jar
     C:\0502\Final_inc_agmod\release\xstore\xstore\lib\ext\FTXSJpos110.jar
     C:\0502\Final_inc_agmod\release\xstore\xstore\lib\ext\gin-2.1.2.jar
     C:\0502\Final_inc_agmod\release\xstore\xstore\lib\ext\guava-19.0.jar
     C:\0502\Final_inc_agmod\release\xstore\xstore\lib\ext\guice-4.0.jar
     C:\0502\Final_inc_agmod\release\xstore\xstore\lib\ext\guice-assistedinject-4.0.jar
     C:\0502\Final_inc_agmod\release\xstore\xstore\lib\ext\javax.inject-1.jar
     C:\0502\Final_inc_agmod\release\xstore\xstore\lib\ext\javax.mail-1.5.6.jar
     C:\0502\Final_inc_agmod\release\xstore\xstore\lib\ext\jcommon-1.0.23.jar
     C:\0502\Final_inc_agmod\release\xstore\xstore\lib\ext\jfreechart-1.0.19.jar
     C:\0502\Final_inc_agmod\release\xstore\xstore\lib\ext\jgl3.1.0.jar
     C:\0502\Final_inc_agmod\release\xstore\xstore\lib\ext\jmsrso.jar
     C:\0502\Final_inc_agmod\release\xstore\xstore\lib\ext\jpos-1.14.jar
     C:\0502\Final_inc_agmod\release\xstore\xstore\lib\ext\jta-1.1.jar
     C:\0502\Final_inc_agmod\release\xstore\xstore\lib\ext\mtlgjpos.jar
     C:\0502\Final_inc_agmod\release\xstore\xstore\lib\ext\mx4j-impl-3.0.2.jar
     C:\0502\Final_inc_agmod\release\xstore\xstore\lib\ext\POSTransactionServiceServiceConsumer.jar
     C:\0502\Final_inc_agmod\release\xstore\xstore\lib\ext\quartz-2.2.2.jar
     C:\0502\Final_inc_agmod\release\xstore\xstore\lib\ext\retail-public-payload-java-beans-16.0.0.jar
     C:\0502\Final_inc_agmod\release\xstore\xstore\lib\ext\retail-public-payload-java-beans-base-16.0.0.jar
     C:\0502\Final_inc_agmod\release\xstore\xstore\lib\ext\RXTXcomm.jar
     C:\0502\Final_inc_agmod\release\xstore\xstore\lib\ext\scannerjpos.jar
     C:\0502\Final_inc_agmod\release\xstore\xstore\lib\ext\servlet-api-3.1.jar
     C:\0502\Final_inc_agmod\release\xstore\xstore\lib\ext\slf4j-api-1.7.13.jar
     C:\0502\Final_inc_agmod\release\xstore\xstore\lib\ext\StoreInventoryServiceServiceConsumer.jar
     C:\0502\Final_inc_agmod\release\xstore\xstore\lib\ext\StoreInventoryUinServiceServiceConsumer.jar
     C:\0502\Final_inc_agmod\release\xstore\xstore\lib\ext\TECPOSPrinterService.jar
     C:\0502\Final_inc_agmod\release\xstore\xstore\lib\ext\trident-7.3-swing.jar
     C:\0502\Final_inc_agmod\release\xstore\xstore\lib\ext\twitter4j-async-4.0.4.jar
     C:\0502\Final_inc_agmod\release\xstore\xstore\lib\ext\twitter4j-core-4.0.4.jar
     C:\0502\Final_inc_agmod\release\xstore\xstore\lib\ext\ucp-12.1.0.2.0.24011345.jar
     C:\0502\Final_inc_agmod\release\xstore\xstore\lib\ext\velocity-1.7.jar
     C:\0502\Final_inc_agmod\release\xstore\xstore\lib\ext\vfjpos_dist_3.8-rxtx.jar
     C:\0502\Final_inc_agmod\release\xstore\xstore\lib\ext\xercesImpl-2.11.0.jar
     C:\0502\Final_inc_agmod\release\xstore\xstore\lib\ext\xml-apis-1.4.01.jar
     C:\0502\Final_inc_agmod\release\xstore\xstore\lib\ext\xpp3_min-1.1.4c.jar
     C:\0502\Final_inc_agmod\release\xstore\xstore\lib\ext\xstream-1.4.9.jar
     C:\0502\Final_inc_agmod\release\xstore\xstore\lib\ext\zzz.jaxb-core-12.1.3.jar
     C:\0502\Final_inc_agmod\release\xstore\xstore\lib\ext\dvt-jclient.jar
     C:\0502\Final_inc_agmod\release\xstore\xstore\lib\ext\dvt-utils.jar
     C:\0502\Final_inc_agmod\release\xstore\xstore\lib\ext\i18nAPI_v3.jar
     C:\0502\Final_inc_agmod\release\xstore\xstore\lib\ext\ItemInformationServiceServiceConsumer.jar
     C:\0502\Final_inc_agmod\release\xstore\xstore\lib\ext\orai18n.jar
     C:\0502\Final_inc_agmod\release\xstore\xstore\lib\ext\orai18n-collation.jar
     C:\0502\Final_inc_agmod\release\xstore\xstore\lib\ext\share.jar
     C:\0502\Final_inc_agmod\release\xstore\xstore\lib\ext\ShoppingCartServiceServiceConsumer.jar
     C:\0502\Final_inc_agmod\release\xstore\xstore\lib\ext\TargetedItemsServiceServiceConsumer.jar
     C:\0502\Final_inc_agmod\release\xstore\xstore\lib\ext\versioninfo.jar
     C:\0502\Final_inc_agmod\release\xstore\xstore\lib\ext\xdocore.jar
     C:\0502\Final_inc_agmod\release\xstore\xstore\lib\dtv-itm-rxm.jar
     C:\0502\Final_inc_agmod\release\xstore\xstore\lib\dtv-itm.jar
     C:\0502\Final_inc_agmod\release\xstore\xstore\lib\ext\jackson-core-2.8.9.jar
     C:\0502\Final_inc_agmod\release\xstore\xstore\lib\ext\jackson-databind-2.9.8.jar
     C:\0502\Final_inc_agmod\release\xstore\xstore\lib\ext\jna-5.2.0.jar
     C:\0502\Final_inc_agmod\release\xstore\xstore\lib\ext\jna-platform-5.2.0.jar
     C:\0502\Final_inc_agmod\release\xstore\xstore\lib\ext\log4j-1.2-api-2.11.0.jar
     C:\0502\Final_inc_agmod\release\xstore\xstore\lib\ext\log4j-api-2.11.0.jar
     C:\0502\Final_inc_agmod\release\xstore\xstore\lib\ext\log4j-core-2.11.0.jar
     C:\0502\Final_inc_agmod\release\xstore\xstore\lib\ext\log4j-jcl-2.11.0.jar
     C:\0502\Final_inc_agmod\release\xstore\xstore\lib\ext\log4j-jul-2.11.0.jar
     C:\0502\Final_inc_agmod\release\xstore\xstore\lib\ext\log4j-slf4j-impl-2.11.0.jar
     C:\0502\Final_inc_agmod\release\xstore\xstore\lib\ext\pdfbox-2.0.13.jar
     C:\0502\Final_inc_agmod\release\xstore\xstore\lib\ext\spring-aop-5.1.4.RELEASE.jar
     C:\0502\Final_inc_agmod\release\xstore\xstore\lib\ext\spring-beans-5.1.4.RELEASE.jar
     C:\0502\Final_inc_agmod\release\xstore\xstore\lib\ext\spring-context-5.1.4.RELEASE.jar
     C:\0502\Final_inc_agmod\release\xstore\xstore\lib\ext\spring-context-support-5.1.4.RELEASE.jar
     C:\0502\Final_inc_agmod\release\xstore\xstore\lib\ext\spring-core-5.1.4.RELEASE.jar
     C:\0502\Final_inc_agmod\release\xstore\xstore\lib\ext\spring-expression-5.1.4.RELEASE.jar
     C:\0502\Final_inc_agmod\release\xstore\xstore\lib\ext\spring-tx-5.1.4.RELEASE.jar
     C:\0502\Final_inc_agmod\release\xstore\xstore\lib\ext\spring-web-5.1.4.RELEASE.jar
     C:\0502\Final_inc_agmod\release\xstore\xstore\lib\ext\fontbox-2.0.13.jar
     C:\0502\Final_inc_agmod\caw_pos\lib\ext\jackson-annotations-2.9.6.jar
     C:\0502\Final_inc_agmod\caw_pos\lib\ext\jackson-databind-2.9.6.jar
     C:\0502\Final_inc_agmod\caw_pos\lib\ext\jaxen-1.1.1.jar
     C:\0502\Final_inc_agmod\caw_pos\lib\ext\jmsrso.jar
     C:\0502\Final_inc_agmod\caw_pos\lib\ext\zebra\xercesImpl.jar
     C:\0502\Final_inc_agmod\caw_pos\lib\ext\zebra\xml-apis.jar
     C:\0502\Final_inc_agmod\caw_pos\lib\ext\zebra\jpos113.jar
     C:\0502\Final_inc_agmod\caw_pos\lib\ext\zebra\JposLogger.jar
     C:\0502\Final_inc_agmod\caw_pos\lib\ext\zebra\JposServiceJniScanner.jar
     C:\0502\Final_inc_agmod\caw_pos\lib\ext\zebra\JposServiceOnScanner.jar
     C:\0502\Final_inc_agmod\caw_pos\lib\ext\zebra\JposServiceScanner.jar
     C:\0502\Final_inc_agmod\release\xstore\xstore\lib\ext\ojdbc7-12.1.0.2.23727148.jar
java.library.path = C:\Program Files\Java\jre1.8.0_202\bin
     C:\WINDOWS\Sun\Java\bin
     C:\WINDOWS\system32
     C:\WINDOWS
     C:/Program Files/Java/jre1.8.0_202/bin/server
     C:/Program Files/Java/jre1.8.0_202/bin
     C:/Program Files/Java/jre1.8.0_202/lib/amd64
     C:\Oracle19C\WINDOWS.X64_193000_db_home\bin
     C:\Program Files (x86)\Common Files\Oracle\Java\java8path
     C:\Program Files (x86)\Common Files\Oracle\Java\javapath
     C:\app\oracledb\product\12.1.0\dbhome_1\bin
     C:\Program Files\Java\jdk1.8.0_202\bin
     C:\WINDOWS\system32
     C:\WINDOWS
     C:\WINDOWS\System32\Wbem
     C:\WINDOWS\System32\WindowsPowerShell\v1.0\
     C:\WINDOWS\System32\OpenSSH\
     C:\Program Files\Git\cmd
     C:\Users\subhankar.pal\AppData\Local\Microsoft\WindowsApps
     C:\Users\subhankar.pal\Desktop\eclipse-java-2019-12-R-win32-x86_64\eclipse
     .
 :: dtv.pos.framework.StationController [startup]
**LOG STOPPED   2025-05-05 20:29:05,142
