                                        
    Transaction # __________________    
                                        
       Date Redeemed ___ /___ /___      
                                        
----------------------------------------
                                        
        <b>Bounceback Coupon 10% off</b>       
                                        
                                        
  Come back and save 10% off your next  
               purchase*                
                                        
                  <b>48.62</b>                 
                                        
 * This offer is valid 21/10/24 through 
   31/10/24 towards a purchase at any   
          qualifying location.          
                                        
Do not detach coupon from original sales
receipt. Coupon must be attached to     
original receipt for redemption.        
                                        
Not redeemable for cash, credit or a    
gift card. No change will be given,     
whether in the form of cash, credit, or 
gift card.                              
                                        
Coupon cannot be replaced, reissued or  
combined with any other coupon or       
promotional offer.                      
                                        
One coupon per transaction.             
                                        
Coupon cannot be applied to employee    
purchases or for the purchase of gift   
cards.                                  
                                        
                                        
BARCODE-->'C1110002001295011008', symbology=109, height=50, width=150, alignment=-2, textPosition=-13, prefix=
--- PAPER CUT --- 100%
BITMAP-->'res\graphics\GO\receipt\logo.bmp', width=-11, alignment=-2
                                        
              Corner Market             
       30500 Bruce Industrial Pkwy      
             Solon, OH 44139            
              440-498-4414              
<u>                                        </u>
Store Reg  Cashier Trans.  Date/Time    
110   1    100     39      10/21/24 09:5
Salesperson: 100                        
                                        
                  <b>SALE</b>                  
<b><u>Item                      QTY Your Price</b></u>
<b>1</b> <b>Signature Blue Jersey</b>                 
1015                           118.00   
Return Price              118.00        
<b>94051010</b> <b>Producto 67 com garantia</b>       
67                              62.55   
Return Price              62.55         
10% Off Any non-Pric                    
ITEM_DEPT_NO_OVERRIDE_PCT    -6.95      
<b>94051010</b> <b>Producto 67 com garantia</b>       
67                              62.55   
Return Price              62.55         
10% Off Any non-Pric                    
ITEM_DEPT_NO_OVERRIDE_PCT    -6.95      
<b>1</b> <b>Signature Blue Jersey</b>                 
1015                           118.00   
Return Price              118.00        
<b>94051010</b> <b>Producto 67 com garantia</b>       
67                              62.55   
Return Price              62.55         
10% Off Any non-Pric                    
ITEM_DEPT_NO_OVERRIDE_PCT    -6.95      
<b>94051010</b> <b>Producto 67 com garantia</b>       
67                              62.55   
Return Price              62.55         
10% Off Any non-Pric                    
ITEM_DEPT_NO_OVERRIDE_PCT    -6.95      
                 Subtotal      486.20   
Tax 1       472.00 @      3%    18.88   
<u>                                        </u>
                    <b>Total</b>      <b>505.08</b>   
<b><u>________________________________________</b></u>
Cash                           505.08   
<b><u>________________________________________</b></u>
Change                           0.00   
  Gander Outdoors requires an original  
 receipt for all returns and exchanges. 
    Unused and unopened items may be    
returned or exchanged within 90 days of 
  original purchase with the following  
    exclusions. Unused and unopened     
  electronic items may be returned or   
 exchanged within 30 days of purchase.  
  Special or custom orders and opened   
 mattresses may not be returned unless  
defective. Opened software items may not
be returned or exchanged. Clearance and 
 damaged items are sold "as is" and may 
not be returned or exchanged. Generator 
  purchases may not be returned at any  
time. See an associate for return policy
                details.                
<b>****************************************</b>
  Enjoy the LOWEST INTRODUCTORY PRICE   
     available on Good Sam Roadside     
              Assistance!               
Ask an associate or call 1-800-508-0394 
         for more information.          
<b>****************************************</b>
Customers enrolled in automatic renewal 
 authorize Good Sam Roadside Assistance 
to charge your card for membership fees 
   each year until notifying Good Sam   
  Roadside Assistance that you want to  
 cancel.  At the end of your membership 
term, your membership will renew at the 
  current rate.  If you wish to cancel  
   automatic renewal at any time call   
            1-888-966-3255.             
<b>****************************************</b>
                                        
 "If you're not happy, I'm not happy."  
    Marcus Lemonis. Chairman and CEO    
                                        
    Need anything? I'm here to help.    
      Call my office 866.232.8960       
  Or email me at Online@MarcusVIP.com   
                                        
<b>****************************************</b>
Sold Item Count = 6                     
BARCODE-->'T3HH1117A1131113I4AYE17', symbology=109, height=50, width=150, alignment=-2, textPosition=-13, prefix=
              <b>Customer Copy</b>             
--- PAPER CUT --- 100%
BITMAP-->'res\graphics\GO\receipt\logo.bmp', width=-11, alignment=-2
                                        
              Corner Market             
       30500 Bruce Industrial Pkwy      
             Solon, OH 44139            
              440-498-4414              
<u>                                        </u>
Store Reg  Cashier Trans.  Date/Time    
110   1    100     42      10/21/24 14:3
Salesperson: 100                        
                                        
                  <b>SALE</b>                  
<b><u>Item                      QTY Your Price</b></u>
<b>1</b> <b>Signature Blue Jersey</b>                 
1015                           118.00   
Return Price              118.00        
                 Subtotal      118.00   
Tax 1       236.00 @      3%     9.44   
<u>                                        </u>
                    <b>Total</b>      <b>127.44</b>   
<b><u>________________________________________</b></u>
Cash                           127.44   
<b><u>________________________________________</b></u>
Change                           0.00   
  Gander Outdoors requires an original  
 receipt for all returns and exchanges. 
    Unused and unopened items may be    
returned or exchanged within 90 days of 
  original purchase with the following  
    exclusions. Unused and unopened     
  electronic items may be returned or   
 exchanged within 30 days of purchase.  
  Special or custom orders and opened   
 mattresses may not be returned unless  
defective. Opened software items may not
be returned or exchanged. Clearance and 
 damaged items are sold "as is" and may 
not be returned or exchanged. Generator 
  purchases may not be returned at any  
time. See an associate for return policy
                details.                
<b>****************************************</b>
  Enjoy the LOWEST INTRODUCTORY PRICE   
     available on Good Sam Roadside     
              Assistance!               
Ask an associate or call 1-800-508-0394 
         for more information.          
<b>****************************************</b>
Return Policy Information.  If you wish 
to no more information at any time call 
            1-888-966-3255.             
<b>****************************************</b>
                                        
 "If you're not happy, I'm not happy."  
    Marcus Lemonis. Chairman and CEO    
                                        
    Need anything? I'm here to help.    
      Call my office 866.232.8960       
  Or email me at Online@MarcusVIP.com   
                                        
<b>****************************************</b>
Sold Item Count = 1                     
BARCODE-->'T3HH1117A1131113L4AYE19', symbology=109, height=50, width=150, alignment=-2, textPosition=-13, prefix=
              <b>Customer Copy</b>             
--- PAPER CUT --- 100%

                                        
              Corner Market             
       30500 Bruce Industrial Pkwy      
             Solon, OH 44139            
              440-498-4414              
<u>                                        </u>
Store Reg  Cashier Trans.  Date/Time    
110   1    100     43      10/21/24 14:4
Salesperson: 100                        
                                        
                  <b>SALE</b>                  
<b><u>Item                      QTY Your Price</b></u>
<b>1</b> <b>Signature Blue Jersey</b>                 
1015                           118.00   
Return Price              118.00        
                 Subtotal      118.00   
Tax 1       236.00 @      3%     9.44   
<u>                                        </u>
                    <b>Total</b>      <b>127.44</b>   
<b><u>________________________________________</b></u>
Cash                           127.44   
<b><u>________________________________________</b></u>
Change                           0.00   
  Gander Outdoors requires an original  
 receipt for all returns and exchanges. 
    Unused and unopened items may be    
returned or exchanged within 90 days of 
  original purchase with the following  
    exclusions. Unused and unopened     
  electronic items may be returned or   
 exchanged within 30 days of purchase.  
  Special or custom orders and opened   
 mattresses may not be returned unless  
defective. Opened software items may not
be returned or exchanged. Clearance and 
 damaged items are sold "as is" and may 
not be returned or exchanged. Generator 
  purchases may not be returned at any  
time. See an associate for return policy
                details.                
<b>****************************************</b>
  Enjoy the LOWEST INTRODUCTORY PRICE   
     available on Good Sam Roadside     
              Assistance!               
Ask an associate or call 1-800-508-0394 
         for more information.          
<b>****************************************</b>
Return Policy Information.  If you wish 
to no more information at any time call 
            1-888-966-3255.             
<b>****************************************</b>
                                        
 "If you're not happy, I'm not happy."  
    Marcus Lemonis. Chairman and CEO    
                                        
    Need anything? I'm here to help.    
      Call my office 866.232.8960       
  Or email me at Online@MarcusVIP.com   
                                        
<b>****************************************</b>
Sold Item Count = 1                     
BARCODE-->'T3HH1117A1131113M4AYE1Q', symbology=109, height=50, width=150, alignment=-2, textPosition=-13, prefix=
              <b>Customer Copy</b>             
--- PAPER CUT --- 100%
