<u>                                        </u>
Store  Reg  Cashier Trans. Date/Time    
110    1    100     1      09/10/24 12:0
                                        
 <b>* * * * * * * * * * * * * * * * * * * </b> 
          <b>S t o r e   O p e n </b>          
 <b>* * * * * * * * * * * * * * * * * * * </b> 
--- PAPER CUT --- 100%
BITMAP-->'res\graphics\GO\receipt\logo.bmp', width=-11, alignment=-2
                                        
              Corner Market             
       30500 Bruce Industrial Pkwy      
             Solon, OH 44139            
              440-498-4414              
<u>                                        </u>
Store Reg  Cashier Trans.  Date/Time    
110   1    100     4       09/10/24 12:0
                                        
               <b>BEGIN COUNT</b>              
Session ID: 110001000001                
<u>                                        </u>
Till: TILL1                             
                                        
Count Type: Begin Count                 
                                        
<b><u>Tender      Total Amount                </b></u>
Cash                0.00                
                                        
Total               0.00                
                                        
                                        
Employee's Signature                    
                                        
                                        
x<b>_______________________________________</b>
                                        
                                        
Manager's Signature                     
                                        
                                        
x<b>_______________________________________</b>
                                        
BARCODE-->'T3HH1117A113111174AYE1A', symbology=109, height=50, width=150, alignment=-2, textPosition=-13, prefix=

--- PAPER CUT --- 100%
<u>                                        </u>
Store  Reg  Cashier Trans. Date/Time    
110    1    100     5      09/10/24 12:0
                                        
 <b>* * * * * * * * * * * * * * * * * * * </b> 
       <b>R e g i s t e r   O p e n </b>       
 <b>* * * * * * * * * * * * * * * * * * * </b> 
--- PAPER CUT --- 100%
