                                        
    Transaction # __________________    
                                        
       Date Redeemed ___ /___ /___      
                                        
----------------------------------------
                                        
        <b>Bounceback Coupon 10% off</b>       
                                        
                                        
  Come back and save 10% off your next  
               purchase*                
                                        
                  <b>0.50</b>                  
                                        
 * This offer is valid 24/10/24 through 
   3/11/24 towards a purchase at any    
          qualifying location.          
                                        
Do not detach coupon from original sales
receipt. Coupon must be attached to     
original receipt for redemption.        
                                        
Not redeemable for cash, credit or a    
gift card. No change will be given,     
whether in the form of cash, credit, or 
gift card.                              
                                        
Coupon cannot be replaced, reissued or  
combined with any other coupon or       
promotional offer.                      
                                        
One coupon per transaction.             
                                        
Coupon cannot be applied to employee    
purchases or for the purchase of gift   
cards.                                  
                                        
                                        
BARCODE-->'C1110010001298011019', symbology=109, height=50, width=150, alignment=-2, textPosition=-13, prefix=
--- PAPER CUT --- 100%

                                        
              Corner Market             
       30500 Bruce Industrial Pkwy      
             Solon, OH 44139            
              440-498-4414              
<u>                                        </u>
Store Reg  Cashier Trans.  Date/Time    
110   1    100     60      10/23/24 15:1
Salesperson: 100                        
                                        
                  <b>SALE</b>                  
AJEET SINGH                             
                                        
<b><u>Item                      QTY Your Price</b></u>
<b>94051010</b> <b>Producto 67 com garantia</b>       
67                             -62.55   
Not Satisfied/Changed Mind              
10% Off Any non-Pric                    
ITEM_DEPT_NO_OVERRIDE_PCT     6.95      
ORG: Store 110 Tran 55 Reg 1    10/9/24 
<b>94051010</b> <b>Producto 67 com garantia</b>       
67                              62.55   
Return Price              62.55         
10% Off Any non-Pric                    
ITEM_DEPT_NO_OVERRIDE_PCT    -6.95      
    #: WA0110001000003                  
<b>48211000</b> <b>Garantia 68</b>                    
68                               5.00   
    Customer: AJEET SINGH               
                 Subtotal        5.00   
<u>                                        </u>
                    <b>Total</b>        <b>5.00</b>   
<b><u>________________________________________</b></u>
Cash                             5.00   
<b><u>________________________________________</b></u>
Change                           0.00   
  Gander Outdoors requires an original  
 receipt for all returns and exchanges. 
    Unused and unopened items may be    
returned or exchanged within 90 days of 
  original purchase with the following  
    exclusions. Unused and unopened     
  electronic items may be returned or   
 exchanged within 30 days of purchase.  
  Special or custom orders and opened   
 mattresses may not be returned unless  
defective. Opened software items may not
be returned or exchanged. Clearance and 
 damaged items are sold "as is" and may 
not be returned or exchanged. Generator 
  purchases may not be returned at any  
time. See an associate for return policy
                details.                
<b>****************************************</b>
  Enjoy the LOWEST INTRODUCTORY PRICE   
     available on Good Sam Roadside     
              Assistance!               
Ask an associate or call 1-800-508-0394 
         for more information.          
<b>****************************************</b>
Return Policy Information.  If you wish 
to no more information at any time call 
            1-888-966-3255.             
<b>****************************************</b>
                                        
 "If you're not happy, I'm not happy."  
    Marcus Lemonis. Chairman and CEO    
                                        
    Need anything? I'm here to help.    
      Call my office 866.232.8960       
  Or email me at Online@MarcusVIP.com   
                                        
<b>****************************************</b>
Sold Item Count = 1                     
Returned Item Count = 1                 
BARCODE-->'T3HH1117A1131114D4AYE1W', symbology=109, height=50, width=150, alignment=-2, textPosition=-13, prefix=
              <b>Customer Copy</b>             
--- PAPER CUT --- 100%

                                        
              Corner Market             
       30500 Bruce Industrial Pkwy      
             Solon, OH 44139            
              440-498-4414              
<u>                                        </u>
Store Reg  Cashier Trans.  Date/Time    
110   1    100     60      10/23/24 15:1
Salesperson: 100                        
                                        
                  <b>SALE</b>                  
AJEET SINGH                             
                                        
Place receipt in drawer.                
<b><u>Item                      QTY Your Price</b></u>
<b>94051010</b> <b>Producto 67 com garantia</b>       
67                             -62.55   
Not Satisfied/Changed Mind              
10% Off Any non-Pric                    
ITEM_DEPT_NO_OVERRIDE_PCT     6.95      
ORG: Store 110 Tran 55 Reg 1    10/9/24 
<b>94051010</b> <b>Producto 67 com garantia</b>       
67                              62.55   
Return Price              62.55         
10% Off Any non-Pric                    
ITEM_DEPT_NO_OVERRIDE_PCT    -6.95      
    #: WA0110001000003                  
<b>48211000</b> <b>Garantia 68</b>                    
68                               5.00   
    Customer: AJEET SINGH               
                 Subtotal        5.00   
<u>                                        </u>
                    <b>Total</b>        <b>5.00</b>   
<b><u>________________________________________</b></u>
Cash                             5.00   
<b><u>________________________________________</b></u>
Change                           0.00   
Sold Item Count = 1                     
Returned Item Count = 1                 
BARCODE-->'T3HH1117A1131114D4AYE1W', symbology=109, height=50, width=150, alignment=-2, textPosition=-13, prefix=
Keep receipts in transaction order.     
               <b>Store Copy</b>               
--- PAPER CUT --- 100%
                                        
    Transaction # __________________    
                                        
       Date Redeemed ___ /___ /___      
                                        
----------------------------------------
                                        
        <b>Bounceback Coupon 10% off</b>       
                                        
                                        
  Come back and save 10% off your next  
               purchase*                
                                        
                  <b>6.76</b>                  
                                        
 * This offer is valid 24/10/24 through 
   3/11/24 towards a purchase at any    
          qualifying location.          
                                        
Do not detach coupon from original sales
receipt. Coupon must be attached to     
original receipt for redemption.        
                                        
Not redeemable for cash, credit or a    
gift card. No change will be given,     
whether in the form of cash, credit, or 
gift card.                              
                                        
Coupon cannot be replaced, reissued or  
combined with any other coupon or       
promotional offer.                      
                                        
One coupon per transaction.             
                                        
Coupon cannot be applied to employee    
purchases or for the purchase of gift   
cards.                                  
                                        
                                        
BARCODE-->'C1110011001298011020', symbology=109, height=50, width=150, alignment=-2, textPosition=-13, prefix=
--- PAPER CUT --- 100%

                                        
              Corner Market             
       30500 Bruce Industrial Pkwy      
             Solon, OH 44139            
              440-498-4414              
<u>                                        </u>
Store Reg  Cashier Trans.  Date/Time    
110   1    100     61      10/24/24 10:3
Salesperson: 100                        
                                        
                  <b>SALE</b>                  
AJEET SINGH                             
                                        
<b><u>Item                      QTY Your Price</b></u>
<b>94051010</b> <b>Producto 67 com garantia</b>       
67                              62.55   
Return Price              62.55         
10% Off Any non-Pric                    
ITEM_DEPT_NO_OVERRIDE_PCT    -6.95      
    #: WA0110001000004                  
<b>48211000</b> <b>Garantia 68</b>                    
68                               5.00   
    Customer: AJEET SINGH               
                 Subtotal       67.55   
<u>                                        </u>
                    <b>Total</b>       <b>67.55</b>   
<b><u>________________________________________</b></u>
Cash                            67.55   
<b><u>________________________________________</b></u>
Change                           0.00   
  Gander Outdoors requires an original  
 receipt for all returns and exchanges. 
    Unused and unopened items may be    
returned or exchanged within 90 days of 
  original purchase with the following  
    exclusions. Unused and unopened     
  electronic items may be returned or   
 exchanged within 30 days of purchase.  
  Special or custom orders and opened   
 mattresses may not be returned unless  
defective. Opened software items may not
be returned or exchanged. Clearance and 
 damaged items are sold "as is" and may 
not be returned or exchanged. Generator 
  purchases may not be returned at any  
time. See an associate for return policy
                details.                
<b>****************************************</b>
  Enjoy the LOWEST INTRODUCTORY PRICE   
     available on Good Sam Roadside     
              Assistance!               
Ask an associate or call 1-800-508-0394 
         for more information.          
<b>****************************************</b>
Return Policy Information.  If you wish 
to no more information at any time call 
            1-888-966-3255.             
<b>****************************************</b>
                                        
 "If you're not happy, I'm not happy."  
    Marcus Lemonis. Chairman and CEO    
                                        
    Need anything? I'm here to help.    
      Call my office 866.232.8960       
  Or email me at Online@MarcusVIP.com   
                                        
<b>****************************************</b>
Sold Item Count = 1                     
BARCODE-->'T3HH1117A1131114E4AYE1A', symbology=109, height=50, width=150, alignment=-2, textPosition=-13, prefix=
              <b>Customer Copy</b>             
--- PAPER CUT --- 100%
                                        
    Transaction # __________________    
                                        
       Date Redeemed ___ /___ /___      
                                        
----------------------------------------
                                        
        <b>Bounceback Coupon 10% off</b>       
                                        
                                        
  Come back and save 10% off your next  
               purchase*                
                                        
                  <b>6.76</b>                  
                                        
 * This offer is valid 24/10/24 through 
   3/11/24 towards a purchase at any    
          qualifying location.          
                                        
Do not detach coupon from original sales
receipt. Coupon must be attached to     
original receipt for redemption.        
                                        
Not redeemable for cash, credit or a    
gift card. No change will be given,     
whether in the form of cash, credit, or 
gift card.                              
                                        
Coupon cannot be replaced, reissued or  
combined with any other coupon or       
promotional offer.                      
                                        
One coupon per transaction.             
                                        
Coupon cannot be applied to employee    
purchases or for the purchase of gift   
cards.                                  
                                        
                                        
BARCODE-->'C1110012001298011021', symbology=109, height=50, width=150, alignment=-2, textPosition=-13, prefix=
--- PAPER CUT --- 100%
BITMAP-->'res\graphics\GO\receipt\logo.bmp', width=-11, alignment=-2
                                        
              Corner Market             
       30500 Bruce Industrial Pkwy      
             Solon, OH 44139            
              440-498-4414              
<u>                                        </u>
Store Reg  Cashier Trans.  Date/Time    
110   1    100     62      10/24/24 12:5
Salesperson: 100                        
                                        
                  <b>SALE</b>                  
AJEET SINGH                             
                                        
<b><u>Item                      QTY Your Price</b></u>
<b>94051010</b> <b>Producto 67 com garantia</b>       
67                              62.55   
Return Price              62.55         
10% Off Any non-Pric                    
ITEM_DEPT_NO_OVERRIDE_PCT    -6.95      
    #: WA0110001000005                  
<b>48211000</b> <b>Garantia 68</b>                    
68                               5.00   
    Customer: AJEET SINGH               
                 Subtotal       67.55   
<u>                                        </u>
                    <b>Total</b>       <b>67.55</b>   
<b><u>________________________________________</b></u>
Cash                            67.55   
<b><u>________________________________________</b></u>
Change                           0.00   
  Gander Outdoors requires an original  
 receipt for all returns and exchanges. 
    Unused and unopened items may be    
returned or exchanged within 90 days of 
  original purchase with the following  
    exclusions. Unused and unopened     
  electronic items may be returned or   
 exchanged within 30 days of purchase.  
  Special or custom orders and opened   
 mattresses may not be returned unless  
defective. Opened software items may not
be returned or exchanged. Clearance and 
 damaged items are sold "as is" and may 
not be returned or exchanged. Generator 
  purchases may not be returned at any  
time. See an associate for return policy
                details.                
<b>****************************************</b>
  Enjoy the LOWEST INTRODUCTORY PRICE   
     available on Good Sam Roadside     
              Assistance!               
Ask an associate or call 1-800-508-0394 
         for more information.          
<b>****************************************</b>
Return Policy Information.  If you wish 
to no more information at any time call 
            1-888-966-3255.             
<b>****************************************</b>
                                        
 "If you're not happy, I'm not happy."  
    Marcus Lemonis. Chairman and CEO    
                                        
    Need anything? I'm here to help.    
      Call my office 866.232.8960       
  Or email me at Online@MarcusVIP.com   
                                        
<b>****************************************</b>
Sold Item Count = 1                     
BARCODE-->'T3HH1117A1131114F4AYE1K', symbology=109, height=50, width=150, alignment=-2, textPosition=-13, prefix=
              <b>Customer Copy</b>             
--- PAPER CUT --- 100%
                                        
    Transaction # __________________    
                                        
       Date Redeemed ___ /___ /___      
                                        
----------------------------------------
                                        
        <b>Bounceback Coupon 10% off</b>       
                                        
                                        
  Come back and save 10% off your next  
               purchase*                
                                        
                  <b>6.76</b>                  
                                        
 * This offer is valid 24/10/24 through 
   3/11/24 towards a purchase at any    
          qualifying location.          
                                        
Do not detach coupon from original sales
receipt. Coupon must be attached to     
original receipt for redemption.        
                                        
Not redeemable for cash, credit or a    
gift card. No change will be given,     
whether in the form of cash, credit, or 
gift card.                              
                                        
Coupon cannot be replaced, reissued or  
combined with any other coupon or       
promotional offer.                      
                                        
One coupon per transaction.             
                                        
Coupon cannot be applied to employee    
purchases or for the purchase of gift   
cards.                                  
                                        
                                        
BARCODE-->'C1110013001298011022', symbology=109, height=50, width=150, alignment=-2, textPosition=-13, prefix=
--- PAPER CUT --- 100%

                                        
              Corner Market             
       30500 Bruce Industrial Pkwy      
             Solon, OH 44139            
              440-498-4414              
<u>                                        </u>
Store Reg  Cashier Trans.  Date/Time    
110   1    100     63      10/24/24 15:0
Salesperson: 100                        
                                        
                  <b>SALE</b>                  
AJEET SINGH                             
                                        
<b><u>Item                      QTY Your Price</b></u>
<b>94051010</b> <b>Producto 67 com garantia</b>       
67                              62.55   
Return Price              62.55         
10% Off Any non-Pric                    
ITEM_DEPT_NO_OVERRIDE_PCT    -6.95      
    #: WA0110001000006                  
<b>48211000</b> <b>Garantia 68</b>                    
68                               5.00   
    Customer: AJEET SINGH               
                 Subtotal       67.55   
<u>                                        </u>
                    <b>Total</b>       <b>67.55</b>   
<b><u>________________________________________</b></u>
Cash                            67.55   
<b><u>________________________________________</b></u>
Change                           0.00   
  Gander Outdoors requires an original  
 receipt for all returns and exchanges. 
    Unused and unopened items may be    
returned or exchanged within 90 days of 
  original purchase with the following  
    exclusions. Unused and unopened     
  electronic items may be returned or   
 exchanged within 30 days of purchase.  
  Special or custom orders and opened   
 mattresses may not be returned unless  
defective. Opened software items may not
be returned or exchanged. Clearance and 
 damaged items are sold "as is" and may 
not be returned or exchanged. Generator 
  purchases may not be returned at any  
time. See an associate for return policy
                details.                
<b>****************************************</b>
  Enjoy the LOWEST INTRODUCTORY PRICE   
     available on Good Sam Roadside     
              Assistance!               
Ask an associate or call 1-800-508-0394 
         for more information.          
<b>****************************************</b>
Return Policy Information.  If you wish 
to no more information at any time call 
            1-888-966-3255.             
<b>****************************************</b>
                                        
 "If you're not happy, I'm not happy."  
    Marcus Lemonis. Chairman and CEO    
                                        
    Need anything? I'm here to help.    
      Call my office 866.232.8960       
  Or email me at Online@MarcusVIP.com   
                                        
<b>****************************************</b>
Sold Item Count = 1                     
BARCODE-->'T3HH1117A1131114G4AYE1X', symbology=109, height=50, width=150, alignment=-2, textPosition=-13, prefix=
              <b>Customer Copy</b>             
--- PAPER CUT --- 100%
