**LOG BEGUN     2024-09-06 15:03:17,832
loading C:WIP-Xstore_Delta-maincaw_poscust_configlog4j2.xml
 INFO  [      ] 2024-09-06 15:03:17,819 STARTING

********************
LOCATION INFORMATION
********************

dtv.CustomerId: 
OrganizationId: 1000
RetailLocationId: 110
WorkstationId: 1

********************
PATH PROPERTIES
********************

dtv.config.path = :base:version1:MASTER/DEFAULT:localconfig:version1/patch
dtv.system.properties.locations = file:/C:/WIP-Xstore_Delta-main/xyz_pos/root/system.properties
     file:/C:/WIP-Xstore_Delta-main/caw_pos/system.properties
java.class.path = C:\WIP-Xstore_Delta-main\caw_pos\bin
     C:\WIP-Xstore_Delta-main\caw_pos\cust_config
     C:\WIP-Xstore_Delta-main\caw_pos\hotfix-lib\hotfix-16.0.3-27648568.jar
     C:\WIP-Xstore_Delta-main\caw_pos\hotfix-lib\hotfix-16.0.3-28487157.jar
     C:\WIP-Xstore_Delta-main\caw_pos\lib\ext\MiraServJava.jar
     C:\WIP-Xstore_Delta-main\caw_pos\lib\ext\ini4j-0.5.2.jar
     C:\Users\ajeet.singh\eclipse-java-2019-12-R-win32-x86_64\eclipse\plugins\org.junit_4.12.0.v201504281640\junit.jar
     C:\Users\ajeet.singh\eclipse-java-2019-12-R-win32-x86_64\eclipse\plugins\org.hamcrest.core_1.3.0.v20180420-1519.jar
     C:\WIP-Xstore_Delta-main\release\xstore\xstore\lib\config.jar
     C:\WIP-Xstore_Delta-main\release\xstore\xstore\lib\pos.jar
     C:\WIP-Xstore_Delta-main\release\xstore\xstore\lib\config-objects.jar
     C:\WIP-Xstore_Delta-main\release\xstore\xstore\lib\dtv-auth-core.jar
     C:\WIP-Xstore_Delta-main\release\xstore\xstore\lib\dtv-auth-impl.jar
     C:\WIP-Xstore_Delta-main\release\xstore\xstore\lib\dtv-auth-sv.jar
     C:\WIP-Xstore_Delta-main\release\xstore\xstore\lib\dtv-avs-qas.jar
     C:\WIP-Xstore_Delta-main\release\xstore\xstore\lib\dtv-avs.jar
     C:\WIP-Xstore_Delta-main\release\xstore\xstore\lib\dtv-barcode.jar
     C:\WIP-Xstore_Delta-main\release\xstore\xstore\lib\dtv-bitmap.jar
     C:\WIP-Xstore_Delta-main\release\xstore\xstore\lib\dtv-cheetah.jar
     C:\WIP-Xstore_Delta-main\release\xstore\xstore\lib\dtv-countrypack.jar
     C:\WIP-Xstore_Delta-main\release\xstore\xstore\lib\dtv-data2.jar
     C:\WIP-Xstore_Delta-main\release\xstore\xstore\lib\dtv-dtx.jar
     C:\WIP-Xstore_Delta-main\release\xstore\xstore\lib\dtv-event.jar
     C:\WIP-Xstore_Delta-main\release\xstore\xstore\lib\dtv-fonts.jar
     C:\WIP-Xstore_Delta-main\release\xstore\xstore\lib\dtv-hardware.jar
     C:\WIP-Xstore_Delta-main\release\xstore\xstore\lib\dtv-i18n.jar
     C:\WIP-Xstore_Delta-main\release\xstore\xstore\lib\dtv-inv-sim.jar
     C:\WIP-Xstore_Delta-main\release\xstore\xstore\lib\dtv-inv.jar
     C:\WIP-Xstore_Delta-main\release\xstore\xstore\lib\dtv-ipc.jar
     C:\WIP-Xstore_Delta-main\release\xstore\xstore\lib\dtv-jmxutil.jar
     C:\WIP-Xstore_Delta-main\release\xstore\xstore\lib\dtv-jna.jar
     C:\WIP-Xstore_Delta-main\release\xstore\xstore\lib\dtv-password.jar
     C:\WIP-Xstore_Delta-main\release\xstore\xstore\lib\dtv-posframework.jar
     C:\WIP-Xstore_Delta-main\release\xstore\xstore\lib\dtv-pricing2.jar
     C:\WIP-Xstore_Delta-main\release\xstore\xstore\lib\dtv-service.jar
     C:\WIP-Xstore_Delta-main\release\xstore\xstore\lib\dtv-tenderretail.jar
     C:\WIP-Xstore_Delta-main\release\xstore\xstore\lib\dtv-ui-graphics.jar
     C:\WIP-Xstore_Delta-main\release\xstore\xstore\lib\dtv-ui.jar
     C:\WIP-Xstore_Delta-main\release\xstore\xstore\lib\dtv-upgrader.jar
     C:\WIP-Xstore_Delta-main\release\xstore\xstore\lib\dtv-util-measurement.jar
     C:\WIP-Xstore_Delta-main\release\xstore\xstore\lib\dtv-util-net.jar
     C:\WIP-Xstore_Delta-main\release\xstore\xstore\lib\dtv-util-sequence.jar
     C:\WIP-Xstore_Delta-main\release\xstore\xstore\lib\dtv-util.jar
     C:\WIP-Xstore_Delta-main\release\xstore\xstore\lib\dtv-xmlobjects.jar
     C:\WIP-Xstore_Delta-main\release\xstore\xstore\lib\dtv-xst-crm-relate.jar
     C:\WIP-Xstore_Delta-main\release\xstore\xstore\lib\dtv-xst-crm.jar
     C:\WIP-Xstore_Delta-main\release\xstore\xstore\lib\dtv-xst-opera.jar
     C:\WIP-Xstore_Delta-main\release\xstore\xstore\lib\dtv-xst-xom-locate.jar
     C:\WIP-Xstore_Delta-main\release\xstore\xstore\lib\dtv-xst-xom.jar
     C:\WIP-Xstore_Delta-main\release\xstore\xstore\lib\dtv-xstoregwt-util.jar
     C:\WIP-Xstore_Delta-main\release\xstore\xstore\lib\dtv-xunit-api.jar
     C:\WIP-Xstore_Delta-main\release\xstore\xstore\lib\ext\APGJposService171.jar
     C:\WIP-Xstore_Delta-main\release\xstore\xstore\lib\ext\commons-beanutils-1.9.2.jar
     C:\WIP-Xstore_Delta-main\release\xstore\xstore\lib\ext\commons-codec-1.10.jar
     C:\WIP-Xstore_Delta-main\release\xstore\xstore\lib\ext\commons-collections-3.2.2.jar
     C:\WIP-Xstore_Delta-main\release\xstore\xstore\lib\ext\commons-configuration-1.10.jar
     C:\WIP-Xstore_Delta-main\release\xstore\xstore\lib\ext\commons-digester3-3.2.jar
     C:\WIP-Xstore_Delta-main\release\xstore\xstore\lib\ext\commons-io-2.5.jar
     C:\WIP-Xstore_Delta-main\release\xstore\xstore\lib\ext\commons-lang-2.6.jar
     C:\WIP-Xstore_Delta-main\release\xstore\xstore\lib\ext\commons-lang3-3.4.jar
     C:\WIP-Xstore_Delta-main\release\xstore\xstore\lib\ext\commons-logging-1.2.jar
     C:\WIP-Xstore_Delta-main\release\xstore\xstore\lib\ext\commons-pool2-2.4.2.jar
     C:\WIP-Xstore_Delta-main\release\xstore\xstore\lib\ext\concurrent-1.0.jar
     C:\WIP-Xstore_Delta-main\release\xstore\xstore\lib\ext\cryptoj-12.1.3.jar
     C:\WIP-Xstore_Delta-main\release\xstore\xstore\lib\ext\DJNativeSwing-SWT.jar
     C:\WIP-Xstore_Delta-main\release\xstore\xstore\lib\ext\DJNativeSwing.jar
     C:\WIP-Xstore_Delta-main\release\xstore\xstore\lib\ext\DLSJavaPOS.jar
     C:\WIP-Xstore_Delta-main\release\xstore\xstore\lib\ext\dozer-5.5.1.jar
     C:\WIP-Xstore_Delta-main\release\xstore\xstore\lib\ext\dpotapi.jar
     C:\WIP-Xstore_Delta-main\release\xstore\xstore\lib\ext\dpotjni.jar
     C:\WIP-Xstore_Delta-main\release\xstore\xstore\lib\ext\jdom-2.0.6.jar
     C:\WIP-Xstore_Delta-main\release\xstore\xstore\lib\ext\eftlink.jar
     C:\WIP-Xstore_Delta-main\release\xstore\xstore\lib\ext\FTXSJpos110.jar
     C:\WIP-Xstore_Delta-main\release\xstore\xstore\lib\ext\gin-2.1.2.jar
     C:\WIP-Xstore_Delta-main\release\xstore\xstore\lib\ext\guava-19.0.jar
     C:\WIP-Xstore_Delta-main\release\xstore\xstore\lib\ext\guice-4.0.jar
     C:\WIP-Xstore_Delta-main\release\xstore\xstore\lib\ext\guice-assistedinject-4.0.jar
     C:\WIP-Xstore_Delta-main\release\xstore\xstore\lib\ext\javax.inject-1.jar
     C:\WIP-Xstore_Delta-main\release\xstore\xstore\lib\ext\javax.mail-1.5.6.jar
     C:\WIP-Xstore_Delta-main\release\xstore\xstore\lib\ext\jcommon-1.0.23.jar
     C:\WIP-Xstore_Delta-main\release\xstore\xstore\lib\ext\jfreechart-1.0.19.jar
     C:\WIP-Xstore_Delta-main\release\xstore\xstore\lib\ext\jgl3.1.0.jar
     C:\WIP-Xstore_Delta-main\release\xstore\xstore\lib\ext\jmsrso.jar
     C:\WIP-Xstore_Delta-main\release\xstore\xstore\lib\ext\jpos-1.14.jar
     C:\WIP-Xstore_Delta-main\release\xstore\xstore\lib\ext\jta-1.1.jar
     C:\WIP-Xstore_Delta-main\release\xstore\xstore\lib\ext\mtlgjpos.jar
     C:\WIP-Xstore_Delta-main\release\xstore\xstore\lib\ext\mx4j-impl-3.0.2.jar
     C:\WIP-Xstore_Delta-main\release\xstore\xstore\lib\ext\ojdbc7-12.1.0.2.23727148.jar
     C:\WIP-Xstore_Delta-main\release\xstore\xstore\lib\ext\POSTransactionServiceServiceConsumer.jar
     C:\WIP-Xstore_Delta-main\release\xstore\xstore\lib\ext\quartz-2.2.2.jar
     C:\WIP-Xstore_Delta-main\release\xstore\xstore\lib\ext\retail-public-payload-java-beans-16.0.0.jar
     C:\WIP-Xstore_Delta-main\release\xstore\xstore\lib\ext\retail-public-payload-java-beans-base-16.0.0.jar
     C:\WIP-Xstore_Delta-main\release\xstore\xstore\lib\ext\RXTXcomm.jar
     C:\WIP-Xstore_Delta-main\release\xstore\xstore\lib\ext\scannerjpos.jar
     C:\WIP-Xstore_Delta-main\release\xstore\xstore\lib\ext\servlet-api-3.1.jar
     C:\WIP-Xstore_Delta-main\release\xstore\xstore\lib\ext\slf4j-api-1.7.13.jar
     C:\WIP-Xstore_Delta-main\release\xstore\xstore\lib\ext\StoreInventoryServiceServiceConsumer.jar
     C:\WIP-Xstore_Delta-main\release\xstore\xstore\lib\ext\StoreInventoryUinServiceServiceConsumer.jar
     C:\WIP-Xstore_Delta-main\release\xstore\xstore\lib\ext\TECPOSPrinterService.jar
     C:\WIP-Xstore_Delta-main\release\xstore\xstore\lib\ext\trident-7.3-swing.jar
     C:\WIP-Xstore_Delta-main\release\xstore\xstore\lib\ext\twitter4j-async-4.0.4.jar
     C:\WIP-Xstore_Delta-main\release\xstore\xstore\lib\ext\twitter4j-core-4.0.4.jar
     C:\WIP-Xstore_Delta-main\release\xstore\xstore\lib\ext\ucp-12.1.0.2.0.24011345.jar
     C:\WIP-Xstore_Delta-main\release\xstore\xstore\lib\ext\velocity-1.7.jar
     C:\WIP-Xstore_Delta-main\release\xstore\xstore\lib\ext\vfjpos_dist_3.8-rxtx.jar
     C:\WIP-Xstore_Delta-main\release\xstore\xstore\lib\ext\xercesImpl-2.11.0.jar
     C:\WIP-Xstore_Delta-main\release\xstore\xstore\lib\ext\xml-apis-1.4.01.jar
     C:\WIP-Xstore_Delta-main\release\xstore\xstore\lib\ext\xpp3_min-1.1.4c.jar
     C:\WIP-Xstore_Delta-main\release\xstore\xstore\lib\ext\xstream-1.4.9.jar
     C:\WIP-Xstore_Delta-main\release\xstore\xstore\lib\ext\zzz.jaxb-core-12.1.3.jar
     C:\WIP-Xstore_Delta-main\release\xstore\xstore\lib\ext\dvt-jclient.jar
     C:\WIP-Xstore_Delta-main\release\xstore\xstore\lib\ext\dvt-utils.jar
     C:\WIP-Xstore_Delta-main\release\xstore\xstore\lib\ext\i18nAPI_v3.jar
     C:\WIP-Xstore_Delta-main\release\xstore\xstore\lib\ext\ItemInformationServiceServiceConsumer.jar
     C:\WIP-Xstore_Delta-main\release\xstore\xstore\lib\ext\orai18n.jar
     C:\WIP-Xstore_Delta-main\release\xstore\xstore\lib\ext\orai18n-collation.jar
     C:\WIP-Xstore_Delta-main\release\xstore\xstore\lib\ext\share.jar
     C:\WIP-Xstore_Delta-main\release\xstore\xstore\lib\ext\ShoppingCartServiceServiceConsumer.jar
     C:\WIP-Xstore_Delta-main\release\xstore\xstore\lib\ext\TargetedItemsServiceServiceConsumer.jar
     C:\WIP-Xstore_Delta-main\release\xstore\xstore\lib\ext\versioninfo.jar
     C:\WIP-Xstore_Delta-main\release\xstore\xstore\lib\ext\xdocore.jar
     C:\WIP-Xstore_Delta-main\release\xstore\xstore\lib\dtv-itm-rxm.jar
     C:\WIP-Xstore_Delta-main\release\xstore\xstore\lib\dtv-itm.jar
     C:\WIP-Xstore_Delta-main\release\xstore\xstore\lib\ext\jackson-core-2.8.9.jar
     C:\WIP-Xstore_Delta-main\release\xstore\xstore\lib\ext\jackson-databind-2.9.8.jar
     C:\WIP-Xstore_Delta-main\release\xstore\xstore\lib\ext\jna-5.2.0.jar
     C:\WIP-Xstore_Delta-main\release\xstore\xstore\lib\ext\jna-platform-5.2.0.jar
     C:\WIP-Xstore_Delta-main\release\xstore\xstore\lib\ext\log4j-1.2-api-2.11.0.jar
     C:\WIP-Xstore_Delta-main\release\xstore\xstore\lib\ext\log4j-api-2.11.0.jar
     C:\WIP-Xstore_Delta-main\release\xstore\xstore\lib\ext\log4j-core-2.11.0.jar
     C:\WIP-Xstore_Delta-main\release\xstore\xstore\lib\ext\log4j-jcl-2.11.0.jar
     C:\WIP-Xstore_Delta-main\release\xstore\xstore\lib\ext\log4j-jul-2.11.0.jar
     C:\WIP-Xstore_Delta-main\release\xstore\xstore\lib\ext\log4j-slf4j-impl-2.11.0.jar
     C:\WIP-Xstore_Delta-main\release\xstore\xstore\lib\ext\pdfbox-2.0.13.jar
     C:\WIP-Xstore_Delta-main\release\xstore\xstore\lib\ext\spring-aop-5.1.4.RELEASE.jar
     C:\WIP-Xstore_Delta-main\release\xstore\xstore\lib\ext\spring-beans-5.1.4.RELEASE.jar
     C:\WIP-Xstore_Delta-main\release\xstore\xstore\lib\ext\spring-context-5.1.4.RELEASE.jar
     C:\WIP-Xstore_Delta-main\release\xstore\xstore\lib\ext\spring-context-support-5.1.4.RELEASE.jar
     C:\WIP-Xstore_Delta-main\release\xstore\xstore\lib\ext\spring-core-5.1.4.RELEASE.jar
     C:\WIP-Xstore_Delta-main\release\xstore\xstore\lib\ext\spring-expression-5.1.4.RELEASE.jar
     C:\WIP-Xstore_Delta-main\release\xstore\xstore\lib\ext\spring-tx-5.1.4.RELEASE.jar
     C:\WIP-Xstore_Delta-main\release\xstore\xstore\lib\ext\spring-web-5.1.4.RELEASE.jar
     C:\WIP-Xstore_Delta-main\release\xstore\xstore\lib\ext\fontbox-2.0.13.jar
     C:\WIP-Xstore_Delta-main\caw_pos\lib\ext\jackson-annotations-2.9.6.jar
     C:\WIP-Xstore_Delta-main\caw_pos\lib\ext\jackson-databind-2.9.6.jar
     C:\WIP-Xstore_Delta-main\caw_pos\lib\ext\jaxen-1.1.1.jar
     C:\WIP-Xstore_Delta-main\caw_pos\lib\ext\jmsrso.jar
     C:\WIP-Xstore_Delta-main\caw_pos\lib\ext\zebra\xercesImpl.jar
     C:\WIP-Xstore_Delta-main\caw_pos\lib\ext\zebra\xml-apis.jar
     C:\WIP-Xstore_Delta-main\caw_pos\lib\ext\zebra\jpos113.jar
     C:\WIP-Xstore_Delta-main\caw_pos\lib\ext\zebra\JposLogger.jar
     C:\WIP-Xstore_Delta-main\caw_pos\lib\ext\zebra\JposServiceJniScanner.jar
     C:\WIP-Xstore_Delta-main\caw_pos\lib\ext\zebra\JposServiceOnScanner.jar
     C:\WIP-Xstore_Delta-main\caw_pos\lib\ext\zebra\JposServiceScanner.jar
java.library.path = C:\Program Files\Java\jdk1.8.0_202\bin
     C:\WINDOWS\Sun\Java\bin
     C:\WINDOWS\system32
     C:\WINDOWS
     C:/Program Files/Java/jre1.8.0_202/bin/server
     C:/Program Files/Java/jre1.8.0_202/bin
     C:/Program Files/Java/jre1.8.0_202/lib/amd64
     C:\app\OracleUser\product\12.1.0\dbhome_1\bin
     C:\Users\ajeet.singh\product\12.1.0\dbhome_1\bin
     C:\Program Files (x86)\Common Files\Oracle\Java\javapath
     C:\WINDOWS\system32
     C:\WINDOWS
     C:\WINDOWS\System32\Wbem
     C:\WINDOWS\System32\WindowsPowerShell\v1.0\
     C:\WINDOWS\System32\OpenSSH\
     C:\Users\ajeet.singh\AppData\Local\Microsoft\WindowsApps
     C:\Users\ajeet.singh\eclipse-java-2019-12-R-win32-x86_64\eclipse
     .
 :: dtv.pos.framework.StationController [startup]
 INFO  [      ] 2024-09-06 15:03:17,855 Loading Properties - jar:file:/C:/WIP-Xstore_Delta-main/release/xstore/xstore/lib/config.jar!/dtv/res/config/ui.properties :: dtv.util.ResourceUtils [startup]
 INFO  [      ] 2024-09-06 15:03:17,858 Loading Properties - file:/C:/WIP-Xstore_Delta-main/caw_pos/cust_config/version1/ui.properties :: dtv.util.ResourceUtils [startup]
 INFO  [      ] 2024-09-06 15:03:17,935 Loading Properties - jar:file:/C:/WIP-Xstore_Delta-main/release/xstore/xstore/lib/config.jar!/dtv/res/config/ui.1920x1080.properties :: dtv.util.ResourceUtils [startup]
 WARN  [      ] 2024-09-06 15:03:21,537 'MxCFDI' not found on classpath...trying failover to file system :: dtv.util.ResourceUtils [startup]
 ERROR [      ] 2024-09-06 15:03:21,538 'MxCFDI' not found on classpath or file system :: dtv.util.ResourceUtils [startup]
 INFO  [      ] 2024-09-06 15:03:21,570 loading jar:file:/C:/WIP-Xstore_Delta-main/release/xstore/xstore/lib/config.jar!/dtv/res/config/uipropertysets/ComponentPropertySetConfig.xml :: dtv.util.config.ConfigHelper [startup]
 INFO  [      ] 2024-09-06 15:03:21,590 Loading Properties - jar:file:/C:/WIP-Xstore_Delta-main/release/xstore/xstore/lib/config.jar!/dtv/res/config/ConfigType.properties :: dtv.util.config.ConfigHelper [startup]
 INFO  [      ] 2024-09-06 15:03:21,594 Loading Properties - file:/C:/WIP-Xstore_Delta-main/caw_pos/cust_config/version1/ConfigType.properties :: dtv.util.config.ConfigHelper [startup]
 INFO  [      ] 2024-09-06 15:03:21,853 loading jar:file:/C:/WIP-Xstore_Delta-main/release/xstore/xstore/lib/config.jar!/dtv/res/config/uipropertysets/TabConfig.xml :: dtv.util.config.ConfigHelper [startup]
 INFO  [      ] 2024-09-06 15:03:21,887 loading jar:file:/C:/WIP-Xstore_Delta-main/release/xstore/xstore/lib/config.jar!/dtv/res/config/ComponentGroupConfig.xml :: dtv.util.config.ConfigHelper [startup]
 INFO  [      ] 2024-09-06 15:03:21,894 loading jar:file:/C:/WIP-Xstore_Delta-main/release/xstore/xstore/lib/config.jar!/dtv/res/config/ContextConfig.xml :: dtv.util.config.ConfigHelper [startup]
 INFO  [      ] 2024-09-06 15:03:21,909 loading file:/C:/WIP-Xstore_Delta-main/caw_pos/cust_config/version1/ContextConfig.xml :: dtv.util.config.ConfigHelper [startup]
 INFO  [      ] 2024-09-06 15:03:22,023 loading jar:file:/C:/WIP-Xstore_Delta-main/release/xstore/xstore/lib/config.jar!/dtv/res/config/SystemConfig.xml :: dtv.util.config.ConfigHelper [startup]
 INFO  [      ] 2024-09-06 15:03:22,042 loading file:/C:/WIP-Xstore_Delta-main/caw_pos/cust_config/version1/SystemConfig.xml :: dtv.util.config.ConfigHelper [startup]
 INFO  [      ] 2024-09-06 15:03:22,046 loading file:/C:/WIP-Xstore_Delta-main/caw_pos/cust_config/localconfig/SystemConfig.xml :: dtv.util.config.ConfigHelper [startup]
 INFO  [      ] 2024-09-06 15:03:22,048 loading file:/C:/WIP-Xstore_Delta-main/caw_pos/cust_config/version1/patch/SystemConfig.xml :: dtv.util.config.ConfigHelper [startup]
 INFO  [      ] 2024-09-06 15:03:22,295 loading jar:file:/C:/WIP-Xstore_Delta-main/release/xstore/xstore/lib/config.jar!/dtv/res/config/ReportRunConfig.xml :: dtv.util.config.ConfigHelper [startup]
 INFO  [      ] 2024-09-06 15:03:22,337 loading file:/C:/WIP-Xstore_Delta-main/caw_pos/cust_config/version1/ServiceHandlers.xml :: dtv.util.config.ConfigHelper [startup]
 INFO  [      ] 2024-09-06 15:03:22,343 loading file:/C:/WIP-Xstore_Delta-main/caw_pos/cust_config/localconfig/ServiceHandlers.xml :: dtv.util.config.ConfigHelper [startup]
 INFO  [      ] 2024-09-06 15:03:22,364 loading jar:file:/C:/WIP-Xstore_Delta-main/release/xstore/xstore/lib/config.jar!/dtv/res/config/CacheConfig.xml :: dtv.util.config.ConfigHelper [startup]
 INFO  [      ] 2024-09-06 15:03:22,412 Loading Properties - jar:file:/C:/WIP-Xstore_Delta-main/release/xstore/xstore/lib/config.jar!/dtv/res/config/saft.properties :: dtv.util.ResourceUtils [startup]
 INFO  [      ] 2024-09-06 15:03:22,445 loading jar:file:/C:/WIP-Xstore_Delta-main/release/xstore/xstore/lib/config.jar!/dtv/res/config/InventoryDocConfig.xml :: dtv.util.config.ConfigHelper [startup]
 INFO  [      ] 2024-09-06 15:03:22,524 loading jar:file:/C:/WIP-Xstore_Delta-main/release/xstore/xstore/lib/config.jar!/dtv/res/config/VoucherConfig.xml :: dtv.util.config.ConfigHelper [startup]
 INFO  [      ] 2024-09-06 15:03:22,533 loading file:/C:/WIP-Xstore_Delta-main/caw_pos/cust_config/version1/VoucherConfig.xml :: dtv.util.config.ConfigHelper [startup]
 ERROR [      ] 2024-09-06 15:03:22,590 customerAccountHelper[dtv.pos.customer.account.CustomerAccountHelper defined in class path resource [dtv/res/config/spring/spring.xml]] is a singleton, but injects a non-singleton _amProvider<-accountManager[null [dtv.pos.customer.account.AccountManager] defined in class path resource [dtv/res/config/spring/retail-beans.xml]] :: dtv.util.spring.SingletonValidatorBeanPostProcessor [startup]
 INFO  [      ] 2024-09-06 15:03:23,122 loading jar:file:/C:/WIP-Xstore_Delta-main/release/xstore/xstore/lib/config.jar!/dtv/res/config/LocaleMap.xml :: dtv.util.config.ConfigHelper [startup]
 INFO  [      ] 2024-09-06 15:03:23,129 loading jar:file:/C:/WIP-Xstore_Delta-main/release/xstore/xstore/lib/config.jar!/dtv/res/config/AvailableLocales.xml :: dtv.util.config.ConfigHelper [startup]
 INFO  [      ] 2024-09-06 15:03:23,238 loading jar:file:/C:/WIP-Xstore_Delta-main/release/xstore/xstore/lib/config.jar!/dtv/res/config/MBeanInfoConfig.xml :: dtv.util.config.ConfigHelper [startup]
 FATAL [      ] 2024-09-06 15:03:23,260 CAUGHT EXCEPTION :: dtv.pos.framework.StationController [startup]
org.springframework.beans.factory.BeanCreationException: Error creating bean with name 'htmlHttpsServer' defined in class path resource [dtv/res/config/spring/jmx-beans.xml]: Initialization of bean failed; nested exception is org.springframework.beans.TypeMismatchException: Failed to convert property value of type 'null' to required type 'int' for property 'port'; nested exception is java.lang.IllegalArgumentException: Cannot convert value of type 'null' to required type 'int' for property 'port': PropertyEditor [org.springframework.beans.propertyeditors.CustomNumberEditor] returned inappropriate value of type 'null'
	at org.springframework.beans.factory.support.AbstractAutowireCapableBeanFactory.doCreateBean(AbstractAutowireCapableBeanFactory.java:584) ~[spring-beans-5.1.4.RELEASE.jar:5.1.4.RELEASE]
	at org.springframework.beans.factory.support.AbstractAutowireCapableBeanFactory.createBean(AbstractAutowireCapableBeanFactory.java:498) ~[spring-beans-5.1.4.RELEASE.jar:5.1.4.RELEASE]
	at org.springframework.beans.factory.support.AbstractBeanFactory.lambda$doGetBean$0(AbstractBeanFactory.java:320) ~[spring-beans-5.1.4.RELEASE.jar:5.1.4.RELEASE]
	at org.springframework.beans.factory.support.DefaultSingletonBeanRegistry.getSingleton(DefaultSingletonBeanRegistry.java:222) ~[spring-beans-5.1.4.RELEASE.jar:5.1.4.RELEASE]
	at org.springframework.beans.factory.support.AbstractBeanFactory.doGetBean(AbstractBeanFactory.java:318) ~[spring-beans-5.1.4.RELEASE.jar:5.1.4.RELEASE]
	at org.springframework.beans.factory.support.AbstractBeanFactory.getBean(AbstractBeanFactory.java:199) ~[spring-beans-5.1.4.RELEASE.jar:5.1.4.RELEASE]
	at org.springframework.beans.factory.support.DefaultListableBeanFactory.preInstantiateSingletons(DefaultListableBeanFactory.java:846) ~[spring-beans-5.1.4.RELEASE.jar:5.1.4.RELEASE]
	at org.springframework.context.support.AbstractApplicationContext.finishBeanFactoryInitialization(AbstractApplicationContext.java:863) ~[spring-context-5.1.4.RELEASE.jar:5.1.4.RELEASE]
	at org.springframework.context.support.AbstractApplicationContext.refresh(AbstractApplicationContext.java:546) ~[spring-context-5.1.4.RELEASE.jar:5.1.4.RELEASE]
	at org.springframework.context.support.ClassPathXmlApplicationContext.<init>(ClassPathXmlApplicationContext.java:144) ~[spring-context-5.1.4.RELEASE.jar:5.1.4.RELEASE]
	at org.springframework.context.support.ClassPathXmlApplicationContext.<init>(ClassPathXmlApplicationContext.java:95) ~[spring-context-5.1.4.RELEASE.jar:5.1.4.RELEASE]
	at dtv.pos.framework.StationController$StartupWorker.run(StationController.java:526) [dtv-posframework.jar:16.0.5.0.38]
	at java.lang.Thread.run(Thread.java:748) [?:1.8.0_202]
Caused by: org.springframework.beans.TypeMismatchException: Failed to convert property value of type 'null' to required type 'int' for property 'port'; nested exception is java.lang.IllegalArgumentException: Cannot convert value of type 'null' to required type 'int' for property 'port': PropertyEditor [org.springframework.beans.propertyeditors.CustomNumberEditor] returned inappropriate value of type 'null'
	at org.springframework.beans.AbstractNestablePropertyAccessor.convertIfNecessary(AbstractNestablePropertyAccessor.java:595) ~[spring-beans-5.1.4.RELEASE.jar:5.1.4.RELEASE]
	at org.springframework.beans.AbstractNestablePropertyAccessor.convertForProperty(AbstractNestablePropertyAccessor.java:604) ~[spring-beans-5.1.4.RELEASE.jar:5.1.4.RELEASE]
	at org.springframework.beans.BeanWrapperImpl.convertForProperty(BeanWrapperImpl.java:219) ~[spring-beans-5.1.4.RELEASE.jar:5.1.4.RELEASE]
	at org.springframework.beans.factory.support.AbstractAutowireCapableBeanFactory.convertForProperty(AbstractAutowireCapableBeanFactory.java:1697) ~[spring-beans-5.1.4.RELEASE.jar:5.1.4.RELEASE]
	at org.springframework.beans.factory.support.AbstractAutowireCapableBeanFactory.applyPropertyValues(AbstractAutowireCapableBeanFactory.java:1653) ~[spring-beans-5.1.4.RELEASE.jar:5.1.4.RELEASE]
	at org.springframework.beans.factory.support.AbstractAutowireCapableBeanFactory.populateBean(AbstractAutowireCapableBeanFactory.java:1400) ~[spring-beans-5.1.4.RELEASE.jar:5.1.4.RELEASE]
	at org.springframework.beans.factory.support.AbstractAutowireCapableBeanFactory.doCreateBean(AbstractAutowireCapableBeanFactory.java:575) ~[spring-beans-5.1.4.RELEASE.jar:5.1.4.RELEASE]
	... 12 more
Caused by: java.lang.IllegalArgumentException: Cannot convert value of type 'null' to required type 'int' for property 'port': PropertyEditor [org.springframework.beans.propertyeditors.CustomNumberEditor] returned inappropriate value of type 'null'
	at org.springframework.beans.TypeConverterDelegate.convertIfNecessary(TypeConverterDelegate.java:258) ~[spring-beans-5.1.4.RELEASE.jar:5.1.4.RELEASE]
	at org.springframework.beans.AbstractNestablePropertyAccessor.convertIfNecessary(AbstractNestablePropertyAccessor.java:585) ~[spring-beans-5.1.4.RELEASE.jar:5.1.4.RELEASE]
	at org.springframework.beans.AbstractNestablePropertyAccessor.convertForProperty(AbstractNestablePropertyAccessor.java:604) ~[spring-beans-5.1.4.RELEASE.jar:5.1.4.RELEASE]
	at org.springframework.beans.BeanWrapperImpl.convertForProperty(BeanWrapperImpl.java:219) ~[spring-beans-5.1.4.RELEASE.jar:5.1.4.RELEASE]
	at org.springframework.beans.factory.support.AbstractAutowireCapableBeanFactory.convertForProperty(AbstractAutowireCapableBeanFactory.java:1697) ~[spring-beans-5.1.4.RELEASE.jar:5.1.4.RELEASE]
	at org.springframework.beans.factory.support.AbstractAutowireCapableBeanFactory.applyPropertyValues(AbstractAutowireCapableBeanFactory.java:1653) ~[spring-beans-5.1.4.RELEASE.jar:5.1.4.RELEASE]
	at org.springframework.beans.factory.support.AbstractAutowireCapableBeanFactory.populateBean(AbstractAutowireCapableBeanFactory.java:1400) ~[spring-beans-5.1.4.RELEASE.jar:5.1.4.RELEASE]
	at org.springframework.beans.factory.support.AbstractAutowireCapableBeanFactory.doCreateBean(AbstractAutowireCapableBeanFactory.java:575) ~[spring-beans-5.1.4.RELEASE.jar:5.1.4.RELEASE]
	... 12 more
