Logger initialized
Ant basedir:C:\Users\ajeet.singh\AppData\Local\Temp\antinstall20
Filter: org.tp23.antinstaller.runtime.exe.LoadConfigFilter
Config loaded
Filter: org.tp23.antinstaller.runtime.exe.CreateUIFilter
Creating UI classes
Created UI classes
Filter: org.tp23.antinstaller.runtime.exe.PropertyLoaderFilter
loadDefaults attribute:true
Checking for predefined properties
Loading pre-defined properties from file C:\WIP-Xstore_Delta-main\release\ant.install.properties
No predefined properties
Filter: org.tp23.antinstaller.runtime.exe.ExecuteRunnerFilter
Starting UI Screens
Install screens rendered
Filter: org.tp23.antinstaller.runtime.exe.PropertyPrinterFilter
auto build supported: true
Rendering properties in the current directory: C:\WIP-Xstore_Delta-main\release
Properties printed:C:\Users\AJEET~1.SIN\AppData\Local\Temp\antinstall20\ant.install.properties
Filter: org.tp23.antinstaller.runtime.exe.AntProjectFilter
Starting Ant Project

BUILD FAILED
C:\Users\AJEET~1.SIN\AppData\Local\Temp\antinstall20\build.xml:29: The following error occurred while executing this line:
C:\Users\AJEET~1.SIN\AppData\Local\Temp\antinstall20\installer\common\init.xml:118: FATAL: An invalid customerId.salt value of '' was detected.  The customerId.salt value must be defined and must be greater than or equal to 3 characters in length.

Total time: 0 seconds
Ant finished
Installation error: Error running the install, The following error occurred while executing this line:
C:\Users\AJEET~1.SIN\AppData\Local\Temp\antinstall20\installer\common\init.xml:118: FATAL: An invalid customerId.salt value of '' was detected.  The customerId.salt value must be defined and must be greater than or equal to 3 characters in length.: class org.tp23.antinstaller.InstallException
org.tp23.antinstaller.InstallException: Error running the install, The following error occurred while executing this line:
C:\Users\AJEET~1.SIN\AppData\Local\Temp\antinstall20\installer\common\init.xml:118: FATAL: An invalid customerId.salt value of '' was detected.  The customerId.salt value must be defined and must be greater than or equal to 3 characters in length.
	at org.tp23.antinstaller.runtime.exe.AntProjectFilter.exec(AntProjectFilter.java:272)
	at org.tp23.antinstaller.runtime.ExecInstall.exec(ExecInstall.java:127)
	at org.tp23.antinstaller.selfextract.SelfExtractor.main(SelfExtractor.java:77)
Caused by: C:\Users\AJEET~1.SIN\AppData\Local\Temp\antinstall20\build.xml:29: The following error occurred while executing this line:
C:\Users\AJEET~1.SIN\AppData\Local\Temp\antinstall20\installer\common\init.xml:118: FATAL: An invalid customerId.salt value of '' was detected.  The customerId.salt value must be defined and must be greater than or equal to 3 characters in length.
	at org.apache.tools.ant.ProjectHelper.addLocationToBuildException(ProjectHelper.java:575)
	at org.apache.tools.ant.taskdefs.ImportTask.importResource(ImportTask.java:231)
	at org.apache.tools.ant.taskdefs.ImportTask.execute(ImportTask.java:163)
	at org.apache.tools.ant.UnknownElement.execute(UnknownElement.java:293)
	at sun.reflect.NativeMethodAccessorImpl.invoke0(Native Method)
	at sun.reflect.NativeMethodAccessorImpl.invoke(Unknown Source)
	at sun.reflect.DelegatingMethodAccessorImpl.invoke(Unknown Source)
	at java.lang.reflect.Method.invoke(Unknown Source)
	at org.apache.tools.ant.dispatch.DispatchUtils.execute(DispatchUtils.java:106)
	at org.apache.tools.ant.Task.perform(Task.java:348)
	at org.apache.tools.ant.Target.execute(Target.java:435)
	at org.tp23.antinstaller.antmod.ProjectHelper3.parse(ProjectHelper3.java:90)
	at org.tp23.antinstaller.runtime.exe.AntProjectFilter.exec(AntProjectFilter.java:250)
	... 2 more
Caused by: C:\Users\AJEET~1.SIN\AppData\Local\Temp\antinstall20\installer\common\init.xml:118: FATAL: An invalid customerId.salt value of '' was detected.  The customerId.salt value must be defined and must be greater than or equal to 3 characters in length.
	at org.apache.tools.ant.taskdefs.Exit.execute(Exit.java:164)
	at org.apache.tools.ant.UnknownElement.execute(UnknownElement.java:293)
	at sun.reflect.GeneratedMethodAccessor11.invoke(Unknown Source)
	at sun.reflect.DelegatingMethodAccessorImpl.invoke(Unknown Source)
	at java.lang.reflect.Method.invoke(Unknown Source)
	at org.apache.tools.ant.dispatch.DispatchUtils.execute(DispatchUtils.java:106)
	at org.apache.tools.ant.Task.perform(Task.java:348)
	at org.apache.tools.ant.Target.execute(Target.java:435)
	at org.apache.tools.ant.helper.ProjectHelper2.parse(ProjectHelper2.java:169)
	at org.apache.tools.ant.taskdefs.ImportTask.importResource(ImportTask.java:222)
	... 13 more

