**LOG BEGUN     2025-05-02 16:08:50,722
loading C:KoushikCAW_FWIP-Xstore_Delta-maincaw_poscust_configlog4j2.xml
 INFO  [      ] 2025-05-02 16:08:50,705 loading file:/C:/Koushik/CAW_F/WIP-Xstore_Delta-main/caw_pos/cust_config/version1/PmTypeMappingConfig.xml :: dtv.util.config.ConfigHelper [main]
 INFO  [      ] 2025-05-02 16:08:50,724 loading file:/C:/Koushik/CAW_F/WIP-Xstore_Delta-main/caw_pos/cust_config/version1/cheetah/PmTypeMappingConfig.xml :: dtv.util.config.ConfigHelper [main]
 INFO  [      ] 2025-05-02 16:08:50,746 loading jar:file:/C:/Koushik/CAW_F/WIP-Xstore_Delta-main/release/xstore/xstore/lib/config.jar!/dtv/res/config/PersistenceManagerConfig.xml :: dtv.util.config.ConfigHelper [main]
 INFO  [      ] 2025-05-02 16:08:50,753 loading jar:file:/C:/Koushik/CAW_F/WIP-Xstore_Delta-main/release/xstore/xstore/lib/config.jar!/order/PersistenceManagerConfig.xml :: dtv.util.config.ConfigHelper [main]
 INFO  [      ] 2025-05-02 16:08:50,758 loading file:/C:/Koushik/CAW_F/WIP-Xstore_Delta-main/caw_pos/cust_config/version1/PersistenceManagerConfig.xml :: dtv.util.config.ConfigHelper [main]
 INFO  [      ] 2025-05-02 16:08:50,915 loading jar:file:/C:/Koushik/CAW_F/WIP-Xstore_Delta-main/release/xstore/xstore/lib/config.jar!/dtv/res/config/DataSourceConfig.xml :: dtv.util.config.ConfigHelper [main]
 INFO  [      ] 2025-05-02 16:08:50,922 Loading Properties - jar:file:/C:/Koushik/CAW_F/WIP-Xstore_Delta-main/release/xstore/xstore/lib/config.jar!/dtv/res/config/ConfigType.properties :: dtv.util.config.ConfigHelper [main]
 INFO  [      ] 2025-05-02 16:08:50,924 Loading Properties - file:/C:/Koushik/CAW_F/WIP-Xstore_Delta-main/caw_pos/cust_config/version1/ConfigType.properties :: dtv.util.config.ConfigHelper [main]
 INFO  [      ] 2025-05-02 16:08:51,360 loading file:/C:/Koushik/CAW_F/WIP-Xstore_Delta-main/caw_pos/cust_config/version1/DataSourceConfig.xml :: dtv.util.config.ConfigHelper [main]
 INFO  [      ] 2025-05-02 16:08:51,384 loading file:/C:/Koushik/CAW_F/WIP-Xstore_Delta-main/caw_pos/cust_config/localconfig/DataSourceConfig.xml :: dtv.util.config.ConfigHelper [main]
 INFO  [      ] 2025-05-02 16:08:51,404 loading jar:file:/C:/Koushik/CAW_F/WIP-Xstore_Delta-main/release/xstore/xstore/lib/config.jar!/dtv/res/config/query/BatchQueryConfig.xml :: dtv.util.config.ConfigHelper [main]
 INFO  [      ] 2025-05-02 16:08:51,420 loading jar:file:/C:/Koushik/CAW_F/WIP-Xstore_Delta-main/release/xstore/xstore/lib/config.jar!/dtv/res/config/query/CountryPackPreFlightQueryConfig.xml :: dtv.util.config.ConfigHelper [main]
 INFO  [      ] 2025-05-02 16:08:51,425 loading jar:file:/C:/Koushik/CAW_F/WIP-Xstore_Delta-main/release/xstore/xstore/lib/config.jar!/dtv/res/config/query/CountryPackQueryConfig.xml :: dtv.util.config.ConfigHelper [main]
 INFO  [      ] 2025-05-02 16:08:51,442 loading jar:file:/C:/Koushik/CAW_F/WIP-Xstore_Delta-main/release/xstore/xstore/lib/config.jar!/dtv/res/config/query/DailyReportQueryConfig.xml :: dtv.util.config.ConfigHelper [main]
 INFO  [      ] 2025-05-02 16:08:51,448 loading jar:file:/C:/Koushik/CAW_F/WIP-Xstore_Delta-main/release/xstore/xstore/lib/config.jar!/dtv/res/config/query/DashboardQueryConfig.xml :: dtv.util.config.ConfigHelper [main]
 INFO  [      ] 2025-05-02 16:08:51,451 loading jar:file:/C:/Koushik/CAW_F/WIP-Xstore_Delta-main/release/xstore/xstore/lib/config.jar!/dtv/res/config/query/DataloaderQueryConfig.xml :: dtv.util.config.ConfigHelper [main]
 INFO  [      ] 2025-05-02 16:08:51,456 loading jar:file:/C:/Koushik/CAW_F/WIP-Xstore_Delta-main/release/xstore/xstore/lib/config.jar!/dtv/res/config/query/PreFlightQueryConfig.xml :: dtv.util.config.ConfigHelper [main]
 INFO  [      ] 2025-05-02 16:08:51,463 loading jar:file:/C:/Koushik/CAW_F/WIP-Xstore_Delta-main/release/xstore/xstore/lib/config.jar!/dtv/res/config/query/QueryConfig.xml :: dtv.util.config.ConfigHelper [main]
 INFO  [      ] 2025-05-02 16:08:51,489 loading jar:file:/C:/Koushik/CAW_F/WIP-Xstore_Delta-main/release/xstore/xstore/lib/config.jar!/dtv/res/config/query/ReportQueryConfig.xml :: dtv.util.config.ConfigHelper [main]
 INFO  [      ] 2025-05-02 16:08:51,504 loading jar:file:/C:/Koushik/CAW_F/WIP-Xstore_Delta-main/release/xstore/xstore/lib/config.jar!/dtv/res/config/query/SchedulingQueryConfig.xml :: dtv.util.config.ConfigHelper [main]
 INFO  [      ] 2025-05-02 16:08:51,507 loading jar:file:/C:/Koushik/CAW_F/WIP-Xstore_Delta-main/release/xstore/xstore/lib/config.jar!/dtv/res/config/query/ToolsQueryConfig.xml :: dtv.util.config.ConfigHelper [main]
 INFO  [      ] 2025-05-02 16:08:51,510 loading jar:file:/C:/Koushik/CAW_F/WIP-Xstore_Delta-main/release/xstore/xstore/lib/config.jar!/dtv/res/config/query/XunitQueryConfig.xml :: dtv.util.config.ConfigHelper [main]
 INFO  [      ] 2025-05-02 16:08:51,513 loading jar:file:/C:/Koushik/CAW_F/WIP-Xstore_Delta-main/release/xstore/xstore/lib/config.jar!/order/query/PreFlightQueryConfig.xml :: dtv.util.config.ConfigHelper [main]
 INFO  [      ] 2025-05-02 16:08:51,515 loading jar:file:/C:/Koushik/CAW_F/WIP-Xstore_Delta-main/release/xstore/xstore/lib/config.jar!/order/query/QueryConfig.xml :: dtv.util.config.ConfigHelper [main]
 INFO  [      ] 2025-05-02 16:08:51,518 loading jar:file:/C:/Koushik/CAW_F/WIP-Xstore_Delta-main/release/xstore/xstore/lib/config.jar!/order/query/ReportQueryConfig.xml :: dtv.util.config.ConfigHelper [main]
 INFO  [      ] 2025-05-02 16:08:51,521 loading file:/C:/Koushik/CAW_F/WIP-Xstore_Delta-main/caw_pos/cust_config/version1/query/PreFlightQueryConfig.xml :: dtv.util.config.ConfigHelper [main]
 INFO  [      ] 2025-05-02 16:08:51,524 loading file:/C:/Koushik/CAW_F/WIP-Xstore_Delta-main/caw_pos/cust_config/version1/query/QueryConfig.xml :: dtv.util.config.ConfigHelper [main]
 INFO  [      ] 2025-05-02 16:08:51,530 loading file:/C:/Koushik/CAW_F/WIP-Xstore_Delta-main/caw_pos/cust_config/version1/query/ReportQueryConfig.xml :: dtv.util.config.ConfigHelper [main]
 INFO  [      ] 2025-05-02 16:08:51,843 loading jar:file:/C:/Koushik/CAW_F/WIP-Xstore_Delta-main/release/xstore/xstore/lib/config.jar!/dtv/res/config/SystemConfig.xml :: dtv.util.config.ConfigHelper [main]
 INFO  [      ] 2025-05-02 16:08:51,859 loading jar:file:/C:/Koushik/CAW_F/WIP-Xstore_Delta-main/release/xstore/xstore/lib/config.jar!/cust/loyalty/SystemConfig.xml :: dtv.util.config.ConfigHelper [main]
 INFO  [      ] 2025-05-02 16:08:51,861 loading jar:file:/C:/Koushik/CAW_F/WIP-Xstore_Delta-main/release/xstore/xstore/lib/config.jar!/order/SystemConfig.xml :: dtv.util.config.ConfigHelper [main]
 INFO  [      ] 2025-05-02 16:08:51,864 loading file:/C:/Koushik/CAW_F/WIP-Xstore_Delta-main/caw_pos/cust_config/version1/SystemConfig.xml :: dtv.util.config.ConfigHelper [main]
 INFO  [      ] 2025-05-02 16:08:51,867 loading file:/C:/Koushik/CAW_F/WIP-Xstore_Delta-main/caw_pos/cust_config/localconfig/SystemConfig.xml :: dtv.util.config.ConfigHelper [main]
 INFO  [      ] 2025-05-02 16:08:51,868 loading file:/C:/Koushik/CAW_F/WIP-Xstore_Delta-main/caw_pos/cust_config/version1/patch/SystemConfig.xml :: dtv.util.config.ConfigHelper [main]
 INFO  [      ] 2025-05-02 16:08:51,916 loading jar:file:/C:/Koushik/CAW_F/WIP-Xstore_Delta-main/release/xstore/xstore/lib/config.jar!/dtv/res/config/CacheConfig.xml :: dtv.util.config.ConfigHelper [main]
 INFO  [      ] 2025-05-02 16:08:52,029 loading jar:file:/C:/Koushik/CAW_F/WIP-Xstore_Delta-main/release/xstore/xstore/lib/config.jar!/dtv/res/config/DataLoaderConfig.xml :: dtv.util.config.ConfigHelper [main]
 INFO  [      ] 2025-05-02 16:08:52,056 loading file:/C:/Koushik/CAW_F/WIP-Xstore_Delta-main/caw_pos/cust_config/version1/DataLoaderConfig.xml :: dtv.util.config.ConfigHelper [main]
 INFO  [      ] 2025-05-02 16:08:52,210 Loading Properties - jar:file:/C:/Koushik/CAW_F/WIP-Xstore_Delta-main/release/xstore/xstore/lib/config.jar!/dtv/res/config/QueryKeyMap.properties :: dtv.util.ResourceUtils [main]
 ERROR [      ] 2025-05-02 16:08:53,368 !!! makePersistent() failure !!! Cannot persist object: dtv.xst.dao.ctl.impl.EventLogEntryDAO@2d459bdaObject Id: [EventLogEntry does not define primary key fields.} DaoState: [INSERT] Id: EventLogEntry does not define primary key fields. Values: createDate=2025-05-02 10:38:53.364 organizationId=1000 retailLocationId=110 workstationId=1 businessDate=2025-05-02 00:00:00.0 logLevel=WARN logTimestamp=2025-05-02 16:08:52.695 source=dtv.data2.access.status.StatusMgr.logOffline(StatusMgr.java:345) threadName=main criticalToDeliver=true loggerCategory=dtv.sysadmin.data.failover logMessage=<Offline>  <DatasourceName>Local</DatasourceName>  <Cause>dtv.data2.access.exception.FailoverException: java.sql.SQLException: Exception occurred while getting connection: oracle.ucp.UniversalConnectionPoolException: Cannot get Connection from Datasource: java.sql.SQLException: Listener refused the connection with the following error:
ORA-12505, TNS:listener does not currently know of SID given in connect descriptor
 </Cause>  <Scope>LAN</Scope></Offline> arrivalTimestamp=2025-05-02 16:08:52.695  No Available Datasources. :: dtv.data2.access.pm.PersistenceManager [main]
java.lang.Throwable: STACK TRACE - Could not save data due to no available datasources
	at dtv.data2.access.pm.PersistenceManager.handleNoStrategiesForPersistence(PersistenceManager.java:1399) [dtv-data2.jar:16.0.5.0.38]
	at dtv.data2.access.pm.PersistenceManager.makePersistent(PersistenceManager.java:437) [dtv-data2.jar:16.0.5.0.38]
	at dtv.data2.access.pm.DefaultPersistenceMgr.makePersistent(DefaultPersistenceMgr.java:103) [dtv-data2.jar:16.0.5.0.38]
	at dtv.data2.access.DataFactory.makePersistent(DataFactory.java:451) [dtv-data2.jar:16.0.5.0.38]
	at dtv.data2.access.DataFactory.makePersistent(DataFactory.java:415) [dtv-data2.jar:16.0.5.0.38]
	at dtv.xst.log4j.DtxAppender.writeEventLog(DtxAppender.java:139) [dtv-dtx.jar:16.0.5.0.38]
	at dtv.xst.log4j.DtxAppender.append(DtxAppender.java:95) [dtv-dtx.jar:16.0.5.0.38]
	at org.apache.logging.log4j.core.config.AppenderControl.tryCallAppender(AppenderControl.java:156) [log4j-core-2.11.0.jar:2.11.0]
	at org.apache.logging.log4j.core.config.AppenderControl.callAppender0(AppenderControl.java:129) [log4j-core-2.11.0.jar:2.11.0]
	at org.apache.logging.log4j.core.config.AppenderControl.callAppenderPreventRecursion(AppenderControl.java:120) [log4j-core-2.11.0.jar:2.11.0]
	at org.apache.logging.log4j.core.config.AppenderControl.callAppender(AppenderControl.java:84) [log4j-core-2.11.0.jar:2.11.0]
	at org.apache.logging.log4j.core.config.LoggerConfig.callAppenders(LoggerConfig.java:448) [log4j-core-2.11.0.jar:2.11.0]
	at org.apache.logging.log4j.core.config.LoggerConfig.processLogEvent(LoggerConfig.java:433) [log4j-core-2.11.0.jar:2.11.0]
	at org.apache.logging.log4j.core.config.LoggerConfig.log(LoggerConfig.java:417) [log4j-core-2.11.0.jar:2.11.0]
	at org.apache.logging.log4j.core.config.LoggerConfig.log(LoggerConfig.java:403) [log4j-core-2.11.0.jar:2.11.0]
	at org.apache.logging.log4j.core.config.AwaitCompletionReliabilityStrategy.log(AwaitCompletionReliabilityStrategy.java:63) [log4j-core-2.11.0.jar:2.11.0]
	at org.apache.logging.log4j.core.Logger.logMessage(Logger.java:146) [log4j-core-2.11.0.jar:2.11.0]
	at org.apache.log4j.Category.maybeLog(Category.java:452) [log4j-1.2-api-2.11.0.jar:?]
	at org.apache.log4j.Category.warn(Category.java:238) [log4j-1.2-api-2.11.0.jar:?]
	at dtv.data2.access.status.StatusMgr.logOffline(StatusMgr.java:345) [dtv-data2.jar:16.0.5.0.38]
	at dtv.data2.access.status.StatusMgr.notifyOffline(StatusMgr.java:214) [dtv-data2.jar:16.0.5.0.38]
	at dtv.data2.access.pm.PersistenceManager.getObjectByQuery(PersistenceManager.java:783) [dtv-data2.jar:16.0.5.0.38]
	at dtv.data2.access.pm.PersistenceManager.getObjectByQuery(PersistenceManager.java:645) [dtv-data2.jar:16.0.5.0.38]
	at dtv.data2.access.pm.DefaultPersistenceMgr.getObjectByQuery(DefaultPersistenceMgr.java:86) [dtv-data2.jar:16.0.5.0.38]
	at dtv.data2.access.DataFactory.getObjectByQueryImpl(DataFactory.java:600) [dtv-data2.jar:16.0.5.0.38]
	at dtv.data2.access.DataFactory.getObjectByQuery(DataFactory.java:323) [dtv-data2.jar:16.0.5.0.38]
	at dtv.data2.access.DataFactory.getObjectByQuery(DataFactory.java:306) [dtv-data2.jar:16.0.5.0.38]
	at dtv.data2.dataloader.DataLoader.isDBAvailable(DataLoader.java:101) [dtv-data2.jar:16.0.5.0.38]
	at dtv.data2.dataloader.DataLoader.main(DataLoader.java:78) [dtv-data2.jar:16.0.5.0.38]
 ERROR [      ] 2025-05-02 16:08:53,382 Exception caught persisting object: dtv.xst.dao.ctl.impl.EventLogEntryModel@720c8f80 Id: EventLogEntry does not define primary key fields. :: dtv.data2.access.pm.PersistenceManager [main]
dtv.data2.access.exception.PersistenceException: !!! makePersistent() failure !!! Cannot persist object: dtv.xst.dao.ctl.impl.EventLogEntryDAO@2d459bdaObject Id: [EventLogEntry does not define primary key fields.} DaoState: [INSERT] Id: EventLogEntry does not define primary key fields. Values: createDate=2025-05-02 10:38:53.364 organizationId=1000 retailLocationId=110 workstationId=1 businessDate=2025-05-02 00:00:00.0 logLevel=WARN logTimestamp=2025-05-02 16:08:52.695 source=dtv.data2.access.status.StatusMgr.logOffline(StatusMgr.java:345) threadName=main criticalToDeliver=true loggerCategory=dtv.sysadmin.data.failover logMessage=<Offline>  <DatasourceName>Local</DatasourceName>  <Cause>dtv.data2.access.exception.FailoverException: java.sql.SQLException: Exception occurred while getting connection: oracle.ucp.UniversalConnectionPoolException: Cannot get Connection from Datasource: java.sql.SQLException: Listener refused the connection with the following error:
ORA-12505, TNS:listener does not currently know of SID given in connect descriptor
 </Cause>  <Scope>LAN</Scope></Offline> arrivalTimestamp=2025-05-02 16:08:52.695  No Available Datasources.
	at dtv.data2.access.pm.PersistenceManager.handleNoStrategiesForPersistence(PersistenceManager.java:1406) [dtv-data2.jar:16.0.5.0.38]
	at dtv.data2.access.pm.PersistenceManager.makePersistent(PersistenceManager.java:437) [dtv-data2.jar:16.0.5.0.38]
	at dtv.data2.access.pm.DefaultPersistenceMgr.makePersistent(DefaultPersistenceMgr.java:103) [dtv-data2.jar:16.0.5.0.38]
	at dtv.data2.access.DataFactory.makePersistent(DataFactory.java:451) [dtv-data2.jar:16.0.5.0.38]
	at dtv.data2.access.DataFactory.makePersistent(DataFactory.java:415) [dtv-data2.jar:16.0.5.0.38]
	at dtv.xst.log4j.DtxAppender.writeEventLog(DtxAppender.java:139) [dtv-dtx.jar:16.0.5.0.38]
	at dtv.xst.log4j.DtxAppender.append(DtxAppender.java:95) [dtv-dtx.jar:16.0.5.0.38]
	at org.apache.logging.log4j.core.config.AppenderControl.tryCallAppender(AppenderControl.java:156) [log4j-core-2.11.0.jar:2.11.0]
	at org.apache.logging.log4j.core.config.AppenderControl.callAppender0(AppenderControl.java:129) [log4j-core-2.11.0.jar:2.11.0]
	at org.apache.logging.log4j.core.config.AppenderControl.callAppenderPreventRecursion(AppenderControl.java:120) [log4j-core-2.11.0.jar:2.11.0]
	at org.apache.logging.log4j.core.config.AppenderControl.callAppender(AppenderControl.java:84) [log4j-core-2.11.0.jar:2.11.0]
	at org.apache.logging.log4j.core.config.LoggerConfig.callAppenders(LoggerConfig.java:448) [log4j-core-2.11.0.jar:2.11.0]
	at org.apache.logging.log4j.core.config.LoggerConfig.processLogEvent(LoggerConfig.java:433) [log4j-core-2.11.0.jar:2.11.0]
	at org.apache.logging.log4j.core.config.LoggerConfig.log(LoggerConfig.java:417) [log4j-core-2.11.0.jar:2.11.0]
	at org.apache.logging.log4j.core.config.LoggerConfig.log(LoggerConfig.java:403) [log4j-core-2.11.0.jar:2.11.0]
	at org.apache.logging.log4j.core.config.AwaitCompletionReliabilityStrategy.log(AwaitCompletionReliabilityStrategy.java:63) [log4j-core-2.11.0.jar:2.11.0]
	at org.apache.logging.log4j.core.Logger.logMessage(Logger.java:146) [log4j-core-2.11.0.jar:2.11.0]
	at org.apache.log4j.Category.maybeLog(Category.java:452) [log4j-1.2-api-2.11.0.jar:?]
	at org.apache.log4j.Category.warn(Category.java:238) [log4j-1.2-api-2.11.0.jar:?]
	at dtv.data2.access.status.StatusMgr.logOffline(StatusMgr.java:345) [dtv-data2.jar:16.0.5.0.38]
	at dtv.data2.access.status.StatusMgr.notifyOffline(StatusMgr.java:214) [dtv-data2.jar:16.0.5.0.38]
	at dtv.data2.access.pm.PersistenceManager.getObjectByQuery(PersistenceManager.java:783) [dtv-data2.jar:16.0.5.0.38]
	at dtv.data2.access.pm.PersistenceManager.getObjectByQuery(PersistenceManager.java:645) [dtv-data2.jar:16.0.5.0.38]
	at dtv.data2.access.pm.DefaultPersistenceMgr.getObjectByQuery(DefaultPersistenceMgr.java:86) [dtv-data2.jar:16.0.5.0.38]
	at dtv.data2.access.DataFactory.getObjectByQueryImpl(DataFactory.java:600) [dtv-data2.jar:16.0.5.0.38]
	at dtv.data2.access.DataFactory.getObjectByQuery(DataFactory.java:323) [dtv-data2.jar:16.0.5.0.38]
	at dtv.data2.access.DataFactory.getObjectByQuery(DataFactory.java:306) [dtv-data2.jar:16.0.5.0.38]
	at dtv.data2.dataloader.DataLoader.isDBAvailable(DataLoader.java:101) [dtv-data2.jar:16.0.5.0.38]
	at dtv.data2.dataloader.DataLoader.main(DataLoader.java:78) [dtv-data2.jar:16.0.5.0.38]
 ERROR [      ] 2025-05-02 16:08:53,409 !!! makePersistent() failure !!! Cannot persist object: dtv.xst.dao.ctl.impl.EventLogEntryDAO@295d54d6Object Id: [EventLogEntry does not define primary key fields.} DaoState: [INSERT] Id: EventLogEntry does not define primary key fields. Values: createDate=2025-05-02 10:38:53.408 organizationId=1000 retailLocationId=110 workstationId=1 businessDate=2025-05-02 00:00:00.0 logLevel=WARN logTimestamp=2025-05-02 16:08:53.407 source=dtv.data2.access.status.StatusMgr.logOffline(StatusMgr.java:345) threadName=main criticalToDeliver=true loggerCategory=dtv.sysadmin.data.failover logMessage=<Offline>  <DatasourceName>Local</DatasourceName>  <Cause>dtv.data2.access.exception.FailoverException: java.sql.SQLException: Exception occurred while getting connection: oracle.ucp.UniversalConnectionPoolException: Cannot get Connection from Datasource: java.sql.SQLException: Listener refused the connection with the following error:
ORA-12505, TNS:listener does not currently know of SID given in connect descriptor
 </Cause>  <Scope>LAN</Scope></Offline> arrivalTimestamp=2025-05-02 16:08:53.407  No Available Datasources. :: dtv.data2.access.pm.PersistenceManager [main]
java.lang.Throwable: STACK TRACE - Could not save data due to no available datasources
	at dtv.data2.access.pm.PersistenceManager.handleNoStrategiesForPersistence(PersistenceManager.java:1399) [dtv-data2.jar:16.0.5.0.38]
	at dtv.data2.access.pm.PersistenceManager.makePersistent(PersistenceManager.java:437) [dtv-data2.jar:16.0.5.0.38]
	at dtv.data2.access.pm.DefaultPersistenceMgr.makePersistent(DefaultPersistenceMgr.java:103) [dtv-data2.jar:16.0.5.0.38]
	at dtv.data2.access.DataFactory.makePersistent(DataFactory.java:451) [dtv-data2.jar:16.0.5.0.38]
	at dtv.data2.access.DataFactory.makePersistent(DataFactory.java:415) [dtv-data2.jar:16.0.5.0.38]
	at dtv.xst.log4j.DtxAppender.writeEventLog(DtxAppender.java:139) [dtv-dtx.jar:16.0.5.0.38]
	at dtv.xst.log4j.DtxAppender.append(DtxAppender.java:95) [dtv-dtx.jar:16.0.5.0.38]
	at org.apache.logging.log4j.core.config.AppenderControl.tryCallAppender(AppenderControl.java:156) [log4j-core-2.11.0.jar:2.11.0]
	at org.apache.logging.log4j.core.config.AppenderControl.callAppender0(AppenderControl.java:129) [log4j-core-2.11.0.jar:2.11.0]
	at org.apache.logging.log4j.core.config.AppenderControl.callAppenderPreventRecursion(AppenderControl.java:120) [log4j-core-2.11.0.jar:2.11.0]
	at org.apache.logging.log4j.core.config.AppenderControl.callAppender(AppenderControl.java:84) [log4j-core-2.11.0.jar:2.11.0]
	at org.apache.logging.log4j.core.config.LoggerConfig.callAppenders(LoggerConfig.java:448) [log4j-core-2.11.0.jar:2.11.0]
	at org.apache.logging.log4j.core.config.LoggerConfig.processLogEvent(LoggerConfig.java:433) [log4j-core-2.11.0.jar:2.11.0]
	at org.apache.logging.log4j.core.config.LoggerConfig.log(LoggerConfig.java:417) [log4j-core-2.11.0.jar:2.11.0]
	at org.apache.logging.log4j.core.config.LoggerConfig.log(LoggerConfig.java:403) [log4j-core-2.11.0.jar:2.11.0]
	at org.apache.logging.log4j.core.config.AwaitCompletionReliabilityStrategy.log(AwaitCompletionReliabilityStrategy.java:63) [log4j-core-2.11.0.jar:2.11.0]
	at org.apache.logging.log4j.core.Logger.logMessage(Logger.java:146) [log4j-core-2.11.0.jar:2.11.0]
	at org.apache.log4j.Category.maybeLog(Category.java:452) [log4j-1.2-api-2.11.0.jar:?]
	at org.apache.log4j.Category.warn(Category.java:238) [log4j-1.2-api-2.11.0.jar:?]
	at dtv.data2.access.status.StatusMgr.logOffline(StatusMgr.java:345) [dtv-data2.jar:16.0.5.0.38]
	at dtv.data2.access.status.StatusMgr.notifyOffline(StatusMgr.java:214) [dtv-data2.jar:16.0.5.0.38]
	at dtv.data2.access.pm.PersistenceManager.getObjectByQuery(PersistenceManager.java:783) [dtv-data2.jar:16.0.5.0.38]
	at dtv.data2.access.pm.PersistenceManager.getObjectByQuery(PersistenceManager.java:645) [dtv-data2.jar:16.0.5.0.38]
	at dtv.data2.access.pm.DefaultPersistenceMgr.getObjectByQuery(DefaultPersistenceMgr.java:86) [dtv-data2.jar:16.0.5.0.38]
	at dtv.data2.access.DataFactory.getObjectByQueryImpl(DataFactory.java:600) [dtv-data2.jar:16.0.5.0.38]
	at dtv.data2.access.DataFactory.getObjectByQuery(DataFactory.java:323) [dtv-data2.jar:16.0.5.0.38]
	at dtv.data2.access.DataFactory.getObjectByQuery(DataFactory.java:306) [dtv-data2.jar:16.0.5.0.38]
	at dtv.data2.dataloader.DataLoader.isDBAvailable(DataLoader.java:101) [dtv-data2.jar:16.0.5.0.38]
	at dtv.data2.dataloader.DataLoader.main(DataLoader.java:78) [dtv-data2.jar:16.0.5.0.38]
 ERROR [      ] 2025-05-02 16:08:53,411 Exception caught persisting object: dtv.xst.dao.ctl.impl.EventLogEntryModel@4fd3b20a Id: EventLogEntry does not define primary key fields. :: dtv.data2.access.pm.PersistenceManager [main]
dtv.data2.access.exception.PersistenceException: !!! makePersistent() failure !!! Cannot persist object: dtv.xst.dao.ctl.impl.EventLogEntryDAO@295d54d6Object Id: [EventLogEntry does not define primary key fields.} DaoState: [INSERT] Id: EventLogEntry does not define primary key fields. Values: createDate=2025-05-02 10:38:53.408 organizationId=1000 retailLocationId=110 workstationId=1 businessDate=2025-05-02 00:00:00.0 logLevel=WARN logTimestamp=2025-05-02 16:08:53.407 source=dtv.data2.access.status.StatusMgr.logOffline(StatusMgr.java:345) threadName=main criticalToDeliver=true loggerCategory=dtv.sysadmin.data.failover logMessage=<Offline>  <DatasourceName>Local</DatasourceName>  <Cause>dtv.data2.access.exception.FailoverException: java.sql.SQLException: Exception occurred while getting connection: oracle.ucp.UniversalConnectionPoolException: Cannot get Connection from Datasource: java.sql.SQLException: Listener refused the connection with the following error:
ORA-12505, TNS:listener does not currently know of SID given in connect descriptor
 </Cause>  <Scope>LAN</Scope></Offline> arrivalTimestamp=2025-05-02 16:08:53.407  No Available Datasources.
	at dtv.data2.access.pm.PersistenceManager.handleNoStrategiesForPersistence(PersistenceManager.java:1406) [dtv-data2.jar:16.0.5.0.38]
	at dtv.data2.access.pm.PersistenceManager.makePersistent(PersistenceManager.java:437) [dtv-data2.jar:16.0.5.0.38]
	at dtv.data2.access.pm.DefaultPersistenceMgr.makePersistent(DefaultPersistenceMgr.java:103) [dtv-data2.jar:16.0.5.0.38]
	at dtv.data2.access.DataFactory.makePersistent(DataFactory.java:451) [dtv-data2.jar:16.0.5.0.38]
	at dtv.data2.access.DataFactory.makePersistent(DataFactory.java:415) [dtv-data2.jar:16.0.5.0.38]
	at dtv.xst.log4j.DtxAppender.writeEventLog(DtxAppender.java:139) [dtv-dtx.jar:16.0.5.0.38]
	at dtv.xst.log4j.DtxAppender.append(DtxAppender.java:95) [dtv-dtx.jar:16.0.5.0.38]
	at org.apache.logging.log4j.core.config.AppenderControl.tryCallAppender(AppenderControl.java:156) [log4j-core-2.11.0.jar:2.11.0]
	at org.apache.logging.log4j.core.config.AppenderControl.callAppender0(AppenderControl.java:129) [log4j-core-2.11.0.jar:2.11.0]
	at org.apache.logging.log4j.core.config.AppenderControl.callAppenderPreventRecursion(AppenderControl.java:120) [log4j-core-2.11.0.jar:2.11.0]
	at org.apache.logging.log4j.core.config.AppenderControl.callAppender(AppenderControl.java:84) [log4j-core-2.11.0.jar:2.11.0]
	at org.apache.logging.log4j.core.config.LoggerConfig.callAppenders(LoggerConfig.java:448) [log4j-core-2.11.0.jar:2.11.0]
	at org.apache.logging.log4j.core.config.LoggerConfig.processLogEvent(LoggerConfig.java:433) [log4j-core-2.11.0.jar:2.11.0]
	at org.apache.logging.log4j.core.config.LoggerConfig.log(LoggerConfig.java:417) [log4j-core-2.11.0.jar:2.11.0]
	at org.apache.logging.log4j.core.config.LoggerConfig.log(LoggerConfig.java:403) [log4j-core-2.11.0.jar:2.11.0]
	at org.apache.logging.log4j.core.config.AwaitCompletionReliabilityStrategy.log(AwaitCompletionReliabilityStrategy.java:63) [log4j-core-2.11.0.jar:2.11.0]
	at org.apache.logging.log4j.core.Logger.logMessage(Logger.java:146) [log4j-core-2.11.0.jar:2.11.0]
	at org.apache.log4j.Category.maybeLog(Category.java:452) [log4j-1.2-api-2.11.0.jar:?]
	at org.apache.log4j.Category.warn(Category.java:238) [log4j-1.2-api-2.11.0.jar:?]
	at dtv.data2.access.status.StatusMgr.logOffline(StatusMgr.java:345) [dtv-data2.jar:16.0.5.0.38]
	at dtv.data2.access.status.StatusMgr.notifyOffline(StatusMgr.java:214) [dtv-data2.jar:16.0.5.0.38]
	at dtv.data2.access.pm.PersistenceManager.getObjectByQuery(PersistenceManager.java:783) [dtv-data2.jar:16.0.5.0.38]
	at dtv.data2.access.pm.PersistenceManager.getObjectByQuery(PersistenceManager.java:645) [dtv-data2.jar:16.0.5.0.38]
	at dtv.data2.access.pm.DefaultPersistenceMgr.getObjectByQuery(DefaultPersistenceMgr.java:86) [dtv-data2.jar:16.0.5.0.38]
	at dtv.data2.access.DataFactory.getObjectByQueryImpl(DataFactory.java:600) [dtv-data2.jar:16.0.5.0.38]
	at dtv.data2.access.DataFactory.getObjectByQuery(DataFactory.java:323) [dtv-data2.jar:16.0.5.0.38]
	at dtv.data2.access.DataFactory.getObjectByQuery(DataFactory.java:306) [dtv-data2.jar:16.0.5.0.38]
	at dtv.data2.dataloader.DataLoader.isDBAvailable(DataLoader.java:101) [dtv-data2.jar:16.0.5.0.38]
	at dtv.data2.dataloader.DataLoader.main(DataLoader.java:78) [dtv-data2.jar:16.0.5.0.38]
